<?xml version="1.0" encoding="UTF-8"?>
<testsuite xmlns:xsi="http://www.w3.org/2001/XMLSchema-instance" xsi:noNamespaceSchemaLocation="https://maven.apache.org/surefire/maven-surefire-plugin/xsd/surefire-test-report-3.0.xsd" version="3.0" name="tek.sdet.framework.runner.TestRunner" time="150.859" tests="23" errors="0" skipped="0" failures="0">
  <properties>
[...]
</properties>
  <testcase name="Verify user can create an account into Retail Website" classname="To test account creation functionality." time="8.242">
    <system-out><![CDATA[
@RegressionTest
Scenario: Verify user can create an account into Retail Website &amp#27;[90m# features/AccountCreation.feature:8&amp#27;[0m
{browser=chrome, headless=true, url=https://tek-retail-ui.azurewebsites.net/}
  &amp#27;[32mGiven &amp#27;[0m&amp#27;[32mUser is on retail website&amp#27;[0m                               &amp#27;[90m# tek.sdet.framework.steps.SignInSteps.userIsOnRetailWebsite()&amp#27;[0m

    Embedding Screenshot [image/png 424424 bytes]

  &amp#27;[32mWhen &amp#27;[0m&amp#27;[32mUser clicks on Sign in option&amp#27;[0m                            &amp#27;[90m# tek.sdet.framework.steps.SignInSteps.userClicksSignInLink()&amp#27;[0m

    Embedding Screenshot [image/png 14144 bytes]

  &amp#27;[32mWhen &amp#27;[0m&amp#27;[32mUser clicks on Create New Accout button&amp#27;[0m                  &amp#27;[90m# tek.sdet.framework.steps.AccountCreationSteps.user_click_on_create_new_accout_button()&amp#27;[0m

    Embedding Screenshot [image/png 13162 bytes]

  &amp#27;[32mAnd &amp#27;[0m&amp#27;[32mUser fills the signUp form with below data&amp#27;[0m                &amp#27;[90m# tek.sdet.framework.steps.AccountCreationSteps.userFillsTheSignUpFormWithBelowData(io.cucumber.datatable.DataTable)&amp#27;[0m
    | name     | email | password   | confirmPassword |
    | fullName | email | Test12345$ | Test12345$      |

    Embedding Screenshot [image/png 15610 bytes]

  &amp#27;[32mAnd &amp#27;[0m&amp#27;[32mUser click on SignUp button&amp#27;[0m                               &amp#27;[90m# tek.sdet.framework.steps.AccountCreationSteps.user_click_on_sign_up_button()&amp#27;[0m

    Embedding Screenshot [image/png 15595 bytes]

  &amp#27;[32mThen &amp#27;[0m&amp#27;[32mUser should be logged into account page&amp#27;[0m                  &amp#27;[90m# tek.sdet.framework.steps.AccountCreationSteps.user_should_be_logged_into_account_page()&amp#27;[0m

    Embedding Screenshot [image/png 30753 bytes]

]]></system-out>
    <system-err><![CDATA[SLF4J: Failed to load class "org.slf4j.impl.StaticLoggerBinder".
SLF4J: Defaulting to no-operation (NOP) logger implementation
SLF4J: See http://www.slf4j.org/codes.html#StaticLoggerBinder for further details.
Starting ChromeDriver 113.0.5672.63 (0e1a4471d5ae5bf128b1bd8f4d627c8cbd55f70c-refs/branch-heads/5672@{#912}) on port 62713
Only local connections are allowed.
Please see https://chromedriver.chromium.org/security-considerations for suggestions on keeping ChromeDriver safe.
ChromeDriver was started successfully.
May 29, 2023 3:21:35 PM org.openqa.selenium.remote.ProtocolHandshake createSession
INFO: Detected upstream dialect: W3C
May 29, 2023 3:21:35 PM org.openqa.selenium.devtools.CdpVersionFinder findNearestMatch
WARNING: Unable to find an exact match for CDP version 113, so returning the closest version found: a no-op implementation
May 29, 2023 3:21:35 PM org.openqa.selenium.devtools.CdpVersionFinder findNearestMatch
INFO: Unable to find CDP implementation matching 113.
May 29, 2023 3:21:35 PM org.openqa.selenium.chromium.ChromiumDriver lambda$new$3
WARNING: Unable to find version of CDP to use for . You may need to include a dependency on a specific version of the CDP using something similar to `org.seleniumhq.selenium:selenium-devtools-v86:4.4.0` where the version ("v86") matches the version of the chromium-based browser you're using and the version number of the artifact is the same as Selenium's.
]]></system-err>
  </testcase>
  <testcase name="Verify User can add a payment method" classname="User can add  payment  method" time="4.299">
    <system-out><![CDATA[
@RegressionTest
Scenario: Verify User can add a payment method                          &amp#27;[90m# features/AddPayment.feature:14&amp#27;[0m
{browser=chrome, headless=true, url=https://tek-retail-ui.azurewebsites.net/}
  &amp#27;[32mGiven &amp#27;[0m&amp#27;[32mUser is on retail website&amp#27;[0m                                       &amp#27;[90m# tek.sdet.framework.steps.SignInSteps.userIsOnRetailWebsite()&amp#27;[0m

    Embedding Screenshot [image/png 424424 bytes]

  &amp#27;[32mWhen &amp#27;[0m&amp#27;[32mUser clicks on Sign in option&amp#27;[0m                                    &amp#27;[90m# tek.sdet.framework.steps.SignInSteps.userClicksSignInLink()&amp#27;[0m

    Embedding Screenshot [image/png 14144 bytes]

  &amp#27;[32mAnd &amp#27;[0m&amp#27;[32mUser enters following login credentials&amp#27;[0m                           &amp#27;[90m# tek.sdet.framework.steps.SignInSteps.userEntersFollowingLoginCredentials(io.cucumber.datatable.DataTable)&amp#27;[0m
    | Email                    | Password  |
    | billybob123@tekschool.us | Pizza123$ |

    Embedding Screenshot [image/png 16689 bytes]

  &amp#27;[32mAnd &amp#27;[0m&amp#27;[32mUser clicks on login button&amp#27;[0m                                       &amp#27;[90m# tek.sdet.framework.steps.SignInSteps.userClicksOnLoginButton()&amp#27;[0m

    Embedding Screenshot [image/png 16097 bytes]

  &amp#27;[32mThen &amp#27;[0m&amp#27;[32mUser should be logged into their account&amp#27;[0m                         &amp#27;[90m# tek.sdet.framework.steps.SignInSteps.userShouldBeLoggedInToTheirAccount()&amp#27;[0m

    Embedding Screenshot [image/png 425554 bytes]

  &amp#27;[32mWhen &amp#27;[0m&amp#27;[32mUser click on Account option&amp#27;[0m                                     &amp#27;[90m# tek.sdet.framework.steps.UpdateProfileSteps.user_click_on_account_option()&amp#27;[0m

    Embedding Screenshot [image/png 34322 bytes]

  &amp#27;[32mWhen &amp#27;[0m&amp#27;[32mUser click on Add a payment method link&amp#27;[0m                          &amp#27;[90m# tek.sdet.framework.steps.AddPaymentSteps.userClickOnAddAPaymentMethodLink()&amp#27;[0m

    Embedding Screenshot [image/png 18994 bytes]

  &amp#27;[32mAnd &amp#27;[0m&amp#27;[32mUser fills debit or credit card information&amp#27;[0m                       &amp#27;[90m# tek.sdet.framework.steps.AddPaymentSteps.userFillsDebitOrCreditCardInformation(io.cucumber.datatable.DataTable)&amp#27;[0m
    | cardNumber | nameOnCard | expirationMonth | expirationYear | securityCode |
    | cardNumber | fullName   | 4               | 2039           | ccv          |

    Embedding Screenshot [image/png 53064 bytes]

  &amp#27;[32mAnd &amp#27;[0m&amp#27;[32mUser click on Add your card button&amp#27;[0m                                &amp#27;[90m# tek.sdet.framework.steps.AddPaymentSteps.userClickOnAddYourCardButton()&amp#27;[0m

    Embedding Screenshot [image/png 53064 bytes]

  &amp#27;[32mThen &amp#27;[0m&amp#27;[32ma message should be displayed &amp#27;[0m&amp#27;[32m&amp#27;[1m'Payment Method added sucessfully'&amp#27;[0m &amp#27;[90m# tek.sdet.framework.steps.AddPaymentSteps.aMessageShouldBeDisplayed(java.lang.String)&amp#27;[0m

    Embedding Screenshot [image/png 38247 bytes]

]]></system-out>
    <system-err><![CDATA[Starting ChromeDriver 113.0.5672.63 (0e1a4471d5ae5bf128b1bd8f4d627c8cbd55f70c-refs/branch-heads/5672@{#912}) on port 50860
Only local connections are allowed.
Please see https://chromedriver.chromium.org/security-considerations for suggestions on keeping ChromeDriver safe.
ChromeDriver was started successfully.
May 29, 2023 3:21:42 PM org.openqa.selenium.remote.ProtocolHandshake createSession
INFO: Detected upstream dialect: W3C
May 29, 2023 3:21:42 PM org.openqa.selenium.devtools.CdpVersionFinder findNearestMatch
WARNING: Unable to find an exact match for CDP version 113, so returning the closest version found: a no-op implementation
May 29, 2023 3:21:42 PM org.openqa.selenium.devtools.CdpVersionFinder findNearestMatch
INFO: Unable to find CDP implementation matching 113.
May 29, 2023 3:21:42 PM org.openqa.selenium.chromium.ChromiumDriver lambda$new$3
WARNING: Unable to find version of CDP to use for . You may need to include a dependency on a specific version of the CDP using something similar to `org.seleniumhq.selenium:selenium-devtools-v86:4.4.0` where the version ("v86") matches the version of the chromium-based browser you're using and the version number of the artifact is the same as Selenium's.
]]></system-err>
  </testcase>
  <testcase name="Verify User can add an Address" classname="User able to Add, Edit, and Remove Adress from account." time="4.282">
    <system-out><![CDATA[
@RegressionTest
Scenario: Verify User can add an Address                                        &amp#27;[90m# features/EditAddress.feature:15&amp#27;[0m
{browser=chrome, headless=true, url=https://tek-retail-ui.azurewebsites.net/}
  &amp#27;[32mGiven &amp#27;[0m&amp#27;[32mUser is on retail website&amp#27;[0m                                               &amp#27;[90m# tek.sdet.framework.steps.SignInSteps.userIsOnRetailWebsite()&amp#27;[0m

    Embedding Screenshot [image/png 424424 bytes]

  &amp#27;[32mWhen &amp#27;[0m&amp#27;[32mUser clicks on Sign in option&amp#27;[0m                                            &amp#27;[90m# tek.sdet.framework.steps.SignInSteps.userClicksSignInLink()&amp#27;[0m

    Embedding Screenshot [image/png 14144 bytes]

  &amp#27;[32mAnd &amp#27;[0m&amp#27;[32mUser enters following login credentials&amp#27;[0m                                   &amp#27;[90m# tek.sdet.framework.steps.SignInSteps.userEntersFollowingLoginCredentials(io.cucumber.datatable.DataTable)&amp#27;[0m
    | Email                      | Password   |
    | SpongeBobss46@tekschool.us | Test12345$ |

    Embedding Screenshot [image/png 16989 bytes]

  &amp#27;[32mAnd &amp#27;[0m&amp#27;[32mUser clicks on login button&amp#27;[0m                                               &amp#27;[90m# tek.sdet.framework.steps.SignInSteps.userClicksOnLoginButton()&amp#27;[0m

    Embedding Screenshot [image/png 16394 bytes]

  &amp#27;[32mThen &amp#27;[0m&amp#27;[32mUser should be logged into their account&amp#27;[0m                                 &amp#27;[90m# tek.sdet.framework.steps.SignInSteps.userShouldBeLoggedInToTheirAccount()&amp#27;[0m

    Embedding Screenshot [image/png 425554 bytes]

  &amp#27;[32mWhen &amp#27;[0m&amp#27;[32mUser click on Account option&amp#27;[0m                                             &amp#27;[90m# tek.sdet.framework.steps.UpdateProfileSteps.user_click_on_account_option()&amp#27;[0m

    Embedding Screenshot [image/png 33506 bytes]

  &amp#27;[32mWhen &amp#27;[0m&amp#27;[32mUser click on Add address option&amp#27;[0m                                         &amp#27;[90m# tek.sdet.framework.steps.AddressFeaturesSteps.userClickOnAddAddressOption()&amp#27;[0m

    Embedding Screenshot [image/png 38675 bytes]

  &amp#27;[32mAnd &amp#27;[0m&amp#27;[32muser fill new address form with below information&amp#27;[0m                         &amp#27;[90m# tek.sdet.framework.steps.AddressFeaturesSteps.user_fill_new_address_form_with_below_information(io.cucumber.datatable.DataTable)&amp#27;[0m
    | country       | fullName | phoneNumber | streetAddress | apt | city | state | zipCode |
    | United States | fullName | phoneNumber | address       | apt | city | state | zipCode |

    Embedding Screenshot [image/png 48384 bytes]

  &amp#27;[32mAnd &amp#27;[0m&amp#27;[32mUser click Add Your Address button&amp#27;[0m                                        &amp#27;[90m# tek.sdet.framework.steps.AddressFeaturesSteps.userClickAddYourAddressButton()&amp#27;[0m

    Embedding Screenshot [image/png 48349 bytes]

  &amp#27;[32mThen &amp#27;[0m&amp#27;[32ma message should be displayed address added &amp#27;[0m&amp#27;[32m&amp#27;[1m"Address Added Successfully"&amp#27;[0m &amp#27;[90m# tek.sdet.framework.steps.AddressFeaturesSteps.a_message_should_be_displayed_address_added(java.lang.String)&amp#27;[0m

    Embedding Screenshot [image/png 49174 bytes]

]]></system-out>
    <system-err><![CDATA[Starting ChromeDriver 113.0.5672.63 (0e1a4471d5ae5bf128b1bd8f4d627c8cbd55f70c-refs/branch-heads/5672@{#912}) on port 65118
Only local connections are allowed.
Please see https://chromedriver.chromium.org/security-considerations for suggestions on keeping ChromeDriver safe.
ChromeDriver was started successfully.
May 29, 2023 3:21:46 PM org.openqa.selenium.remote.ProtocolHandshake createSession
INFO: Detected upstream dialect: W3C
May 29, 2023 3:21:46 PM org.openqa.selenium.devtools.CdpVersionFinder findNearestMatch
WARNING: Unable to find an exact match for CDP version 113, so returning the closest version found: a no-op implementation
May 29, 2023 3:21:46 PM org.openqa.selenium.devtools.CdpVersionFinder findNearestMatch
INFO: Unable to find CDP implementation matching 113.
May 29, 2023 3:21:46 PM org.openqa.selenium.chromium.ChromiumDriver lambda$new$3
WARNING: Unable to find version of CDP to use for . You may need to include a dependency on a specific version of the CDP using something similar to `org.seleniumhq.selenium:selenium-devtools-v86:4.4.0` where the version ("v86") matches the version of the chromium-based browser you're using and the version number of the artifact is the same as Selenium's.
]]></system-err>
  </testcase>
  <testcase name="Verify User can edit an Address added on account" classname="User able to Add, Edit, and Remove Adress from account." time="5.411">
    <system-out><![CDATA[
@RegressionTest
Scenario: Verify User can edit an Address added on account                       &amp#27;[90m# features/EditAddress.feature:24&amp#27;[0m
{browser=chrome, headless=true, url=https://tek-retail-ui.azurewebsites.net/}
  &amp#27;[32mGiven &amp#27;[0m&amp#27;[32mUser is on retail website&amp#27;[0m                                                &amp#27;[90m# tek.sdet.framework.steps.SignInSteps.userIsOnRetailWebsite()&amp#27;[0m

    Embedding Screenshot [image/png 424424 bytes]

  &amp#27;[32mWhen &amp#27;[0m&amp#27;[32mUser clicks on Sign in option&amp#27;[0m                                             &amp#27;[90m# tek.sdet.framework.steps.SignInSteps.userClicksSignInLink()&amp#27;[0m

    Embedding Screenshot [image/png 14144 bytes]

  &amp#27;[32mAnd &amp#27;[0m&amp#27;[32mUser enters following login credentials&amp#27;[0m                                    &amp#27;[90m# tek.sdet.framework.steps.SignInSteps.userEntersFollowingLoginCredentials(io.cucumber.datatable.DataTable)&amp#27;[0m
    | Email                      | Password   |
    | SpongeBobss46@tekschool.us | Test12345$ |

    Embedding Screenshot [image/png 16989 bytes]

  &amp#27;[32mAnd &amp#27;[0m&amp#27;[32mUser clicks on login button&amp#27;[0m                                                &amp#27;[90m# tek.sdet.framework.steps.SignInSteps.userClicksOnLoginButton()&amp#27;[0m

    Embedding Screenshot [image/png 16394 bytes]

  &amp#27;[32mThen &amp#27;[0m&amp#27;[32mUser should be logged into their account&amp#27;[0m                                  &amp#27;[90m# tek.sdet.framework.steps.SignInSteps.userShouldBeLoggedInToTheirAccount()&amp#27;[0m

    Embedding Screenshot [image/png 425554 bytes]

  &amp#27;[32mWhen &amp#27;[0m&amp#27;[32mUser click on Account option&amp#27;[0m                                              &amp#27;[90m# tek.sdet.framework.steps.UpdateProfileSteps.user_click_on_account_option()&amp#27;[0m

    Embedding Screenshot [image/png 33219 bytes]

  &amp#27;[32mAnd &amp#27;[0m&amp#27;[32mUser click on edit address option&amp#27;[0m                                          &amp#27;[90m# tek.sdet.framework.steps.AddressFeaturesSteps.user_click_on_edit_address_option()&amp#27;[0m

    Embedding Screenshot [image/png 41096 bytes]

  &amp#27;[32mAnd &amp#27;[0m&amp#27;[32mUser edits address form with below information&amp#27;[0m                             &amp#27;[90m# tek.sdet.framework.steps.AddressFeaturesSteps.user_edits_address_form_with_below_information(io.cucumber.datatable.DataTable)&amp#27;[0m
    | country       | fullName | phoneNumber | streetAddress | apt | city | state | zipCode |
    | United States | fullName | phoneNumber | address       | apt | city | state | zipCode |

    Embedding Screenshot [image/png 45457 bytes]

  &amp#27;[32mAnd &amp#27;[0m&amp#27;[32mUser click update Your Address button&amp#27;[0m                                      &amp#27;[90m# tek.sdet.framework.steps.AddressFeaturesSteps.user_click_update_your_address_button()&amp#27;[0m

    Embedding Screenshot [image/png 45419 bytes]

  &amp#27;[32mThen &amp#27;[0m&amp#27;[32mA confirmation message should be displayed &amp#27;[0m&amp#27;[32m&amp#27;[1m'Address Updated Successfully'&amp#27;[0m &amp#27;[90m# tek.sdet.framework.steps.AddressFeaturesSteps.aConfirmationMessageShouldBeDisplayed(java.lang.String)&amp#27;[0m

    Embedding Screenshot [image/png 47686 bytes]

]]></system-out>
    <system-err><![CDATA[Starting ChromeDriver 113.0.5672.63 (0e1a4471d5ae5bf128b1bd8f4d627c8cbd55f70c-refs/branch-heads/5672@{#912}) on port 62098
Only local connections are allowed.
Please see https://chromedriver.chromium.org/security-considerations for suggestions on keeping ChromeDriver safe.
ChromeDriver was started successfully.
May 29, 2023 3:21:50 PM org.openqa.selenium.remote.ProtocolHandshake createSession
INFO: Detected upstream dialect: W3C
May 29, 2023 3:21:50 PM org.openqa.selenium.devtools.CdpVersionFinder findNearestMatch
WARNING: Unable to find an exact match for CDP version 113, so returning the closest version found: a no-op implementation
May 29, 2023 3:21:50 PM org.openqa.selenium.devtools.CdpVersionFinder findNearestMatch
INFO: Unable to find CDP implementation matching 113.
May 29, 2023 3:21:50 PM org.openqa.selenium.chromium.ChromiumDriver lambda$new$3
WARNING: Unable to find version of CDP to use for . You may need to include a dependency on a specific version of the CDP using something similar to `org.seleniumhq.selenium:selenium-devtools-v86:4.4.0` where the version ("v86") matches the version of the chromium-based browser you're using and the version number of the artifact is the same as Selenium's.
]]></system-err>
  </testcase>
  <testcase name="Verify User can remove Address from Account" classname="User able to Add, Edit, and Remove Adress from account." time="3.574">
    <system-out><![CDATA[
@RegressionTest
Scenario: Verify User can remove Address from Account &amp#27;[90m# features/EditAddress.feature:33&amp#27;[0m
{browser=chrome, headless=true, url=https://tek-retail-ui.azurewebsites.net/}
  &amp#27;[32mGiven &amp#27;[0m&amp#27;[32mUser is on retail website&amp#27;[0m                     &amp#27;[90m# tek.sdet.framework.steps.SignInSteps.userIsOnRetailWebsite()&amp#27;[0m

    Embedding Screenshot [image/png 424424 bytes]

  &amp#27;[32mWhen &amp#27;[0m&amp#27;[32mUser clicks on Sign in option&amp#27;[0m                  &amp#27;[90m# tek.sdet.framework.steps.SignInSteps.userClicksSignInLink()&amp#27;[0m

    Embedding Screenshot [image/png 14144 bytes]

  &amp#27;[32mAnd &amp#27;[0m&amp#27;[32mUser enters following login credentials&amp#27;[0m         &amp#27;[90m# tek.sdet.framework.steps.SignInSteps.userEntersFollowingLoginCredentials(io.cucumber.datatable.DataTable)&amp#27;[0m
    | Email                      | Password   |
    | SpongeBobss46@tekschool.us | Test12345$ |

    Embedding Screenshot [image/png 16989 bytes]

  &amp#27;[32mAnd &amp#27;[0m&amp#27;[32mUser clicks on login button&amp#27;[0m                     &amp#27;[90m# tek.sdet.framework.steps.SignInSteps.userClicksOnLoginButton()&amp#27;[0m

    Embedding Screenshot [image/png 16394 bytes]

  &amp#27;[32mThen &amp#27;[0m&amp#27;[32mUser should be logged into their account&amp#27;[0m       &amp#27;[90m# tek.sdet.framework.steps.SignInSteps.userShouldBeLoggedInToTheirAccount()&amp#27;[0m

    Embedding Screenshot [image/png 425554 bytes]

  &amp#27;[32mWhen &amp#27;[0m&amp#27;[32mUser click on Account option&amp#27;[0m                   &amp#27;[90m# tek.sdet.framework.steps.UpdateProfileSteps.user_click_on_account_option()&amp#27;[0m

    Embedding Screenshot [image/png 33506 bytes]

  &amp#27;[32mAnd &amp#27;[0m&amp#27;[32mUser click on remove option of Address section&amp#27;[0m  &amp#27;[90m# tek.sdet.framework.steps.AddressFeaturesSteps.userClickOnRemoveOptionOfAddressSection()&amp#27;[0m

    Embedding Screenshot [image/png 47305 bytes]

  &amp#27;[32mThen &amp#27;[0m&amp#27;[32mAddress details should be removed&amp#27;[0m              &amp#27;[90m# tek.sdet.framework.steps.AddressFeaturesSteps.addressDetailsShouldBeRemoved()&amp#27;[0m

    Embedding Screenshot [image/png 47305 bytes]

]]></system-out>
    <system-err><![CDATA[Starting ChromeDriver 113.0.5672.63 (0e1a4471d5ae5bf128b1bd8f4d627c8cbd55f70c-refs/branch-heads/5672@{#912}) on port 61708
Only local connections are allowed.
Please see https://chromedriver.chromium.org/security-considerations for suggestions on keeping ChromeDriver safe.
ChromeDriver was started successfully.
May 29, 2023 3:21:56 PM org.openqa.selenium.remote.ProtocolHandshake createSession
INFO: Detected upstream dialect: W3C
May 29, 2023 3:21:56 PM org.openqa.selenium.devtools.CdpVersionFinder findNearestMatch
WARNING: Unable to find an exact match for CDP version 113, so returning the closest version found: a no-op implementation
May 29, 2023 3:21:56 PM org.openqa.selenium.devtools.CdpVersionFinder findNearestMatch
INFO: Unable to find CDP implementation matching 113.
May 29, 2023 3:21:56 PM org.openqa.selenium.chromium.ChromiumDriver lambda$new$3
WARNING: Unable to find version of CDP to use for . You may need to include a dependency on a specific version of the CDP using something similar to `org.seleniumhq.selenium:selenium-devtools-v86:4.4.0` where the version ("v86") matches the version of the chromium-based browser you're using and the version number of the artifact is the same as Selenium's.
]]></system-err>
  </testcase>
  <testcase name="Verify user can edit debit or credit card" classname="User able to edit their debit/credit information." time="6.161">
    <system-out><![CDATA[
@RegressionTest
Scenario: Verify user can edit debit or credit card                                         &amp#27;[90m# features/EditPaymentCard.feature:14&amp#27;[0m
{browser=chrome, headless=true, url=https://tek-retail-ui.azurewebsites.net/}
  &amp#27;[32mGiven &amp#27;[0m&amp#27;[32mUser is on retail website&amp#27;[0m                                                           &amp#27;[90m# tek.sdet.framework.steps.SignInSteps.userIsOnRetailWebsite()&amp#27;[0m

    Embedding Screenshot [image/png 424424 bytes]

  &amp#27;[32mWhen &amp#27;[0m&amp#27;[32mUser clicks on Sign in option&amp#27;[0m                                                        &amp#27;[90m# tek.sdet.framework.steps.SignInSteps.userClicksSignInLink()&amp#27;[0m

    Embedding Screenshot [image/png 14144 bytes]

  &amp#27;[32mAnd &amp#27;[0m&amp#27;[32mUser enters following login credentials&amp#27;[0m                                               &amp#27;[90m# tek.sdet.framework.steps.SignInSteps.userEntersFollowingLoginCredentials(io.cucumber.datatable.DataTable)&amp#27;[0m
    | Email                      | Password   |
    | SpongeBobss46@tekschool.us | Test12345$ |

    Embedding Screenshot [image/png 16989 bytes]

  &amp#27;[32mAnd &amp#27;[0m&amp#27;[32mUser clicks on login button&amp#27;[0m                                                           &amp#27;[90m# tek.sdet.framework.steps.SignInSteps.userClicksOnLoginButton()&amp#27;[0m

    Embedding Screenshot [image/png 16394 bytes]

  &amp#27;[32mThen &amp#27;[0m&amp#27;[32mUser should be logged into their account&amp#27;[0m                                             &amp#27;[90m# tek.sdet.framework.steps.SignInSteps.userShouldBeLoggedInToTheirAccount()&amp#27;[0m

    Embedding Screenshot [image/png 425554 bytes]

  &amp#27;[32mWhen &amp#27;[0m&amp#27;[32mUser click on Account option&amp#27;[0m                                                         &amp#27;[90m# tek.sdet.framework.steps.UpdateProfileSteps.user_click_on_account_option()&amp#27;[0m

    Embedding Screenshot [image/png 33506 bytes]

  &amp#27;[32mWhen &amp#27;[0m&amp#27;[32mUser clicks on Edit option of card section&amp#27;[0m                                           &amp#27;[90m# tek.sdet.framework.steps.EditPaymentCardSteps.userClicksOnEditOptionOfCardSection()&amp#27;[0m

    Embedding Screenshot [image/png 65723 bytes]

  &amp#27;[32mAnd &amp#27;[0m&amp#27;[32mUser edits card information&amp#27;[0m                                                           &amp#27;[90m# tek.sdet.framework.steps.EditPaymentCardSteps.userEditsInformationWithBelowData(io.cucumber.datatable.DataTable)&amp#27;[0m
    | cardNumber | nameOnCard | expirationMonth | expirationYear | securityCode |
    | cardNumber | fullName   | 12              | 2026           | ccv          |

    Embedding Screenshot [image/png 67415 bytes]

  &amp#27;[32mAnd &amp#27;[0m&amp#27;[32mUser clicks on Update Your Card button&amp#27;[0m                                                &amp#27;[90m# tek.sdet.framework.steps.EditPaymentCardSteps.uSerClicksOnUpdateYourCardButton()&amp#27;[0m

    Embedding Screenshot [image/png 67411 bytes]

  &amp#27;[32mThen &amp#27;[0m&amp#27;[32mUpdate successfull message should be displayed &amp#27;[0m&amp#27;[32m&amp#27;[1m'Payment Method updated Successfully'&amp#27;[0m &amp#27;[90m# tek.sdet.framework.steps.EditPaymentCardSteps.aMessageShouldBe(java.lang.String)&amp#27;[0m

    Embedding Screenshot [image/png 51000 bytes]

]]></system-out>
    <system-err><![CDATA[Starting ChromeDriver 113.0.5672.63 (0e1a4471d5ae5bf128b1bd8f4d627c8cbd55f70c-refs/branch-heads/5672@{#912}) on port 50158
Only local connections are allowed.
Please see https://chromedriver.chromium.org/security-considerations for suggestions on keeping ChromeDriver safe.
ChromeDriver was started successfully.
May 29, 2023 3:21:59 PM org.openqa.selenium.remote.ProtocolHandshake createSession
INFO: Detected upstream dialect: W3C
May 29, 2023 3:21:59 PM org.openqa.selenium.devtools.CdpVersionFinder findNearestMatch
WARNING: Unable to find an exact match for CDP version 113, so returning the closest version found: a no-op implementation
May 29, 2023 3:21:59 PM org.openqa.selenium.devtools.CdpVersionFinder findNearestMatch
INFO: Unable to find CDP implementation matching 113.
May 29, 2023 3:21:59 PM org.openqa.selenium.chromium.ChromiumDriver lambda$new$3
WARNING: Unable to find version of CDP to use for . You may need to include a dependency on a specific version of the CDP using something similar to `org.seleniumhq.selenium:selenium-devtools-v86:4.4.0` where the version ("v86") matches the version of the chromium-based browser you're using and the version number of the artifact is the same as Selenium's.
]]></system-err>
  </testcase>
  <testcase name="Verify user can remove their debit/credit card" classname="User able to edit their debit/credit information." time="4.552">
    <system-out><![CDATA[
@RegressionTest
Scenario: Verify user can remove their debit/credit card &amp#27;[90m# features/EditPaymentCard.feature:23&amp#27;[0m
{browser=chrome, headless=true, url=https://tek-retail-ui.azurewebsites.net/}
  &amp#27;[32mGiven &amp#27;[0m&amp#27;[32mUser is on retail website&amp#27;[0m                        &amp#27;[90m# tek.sdet.framework.steps.SignInSteps.userIsOnRetailWebsite()&amp#27;[0m

    Embedding Screenshot [image/png 424424 bytes]

  &amp#27;[32mWhen &amp#27;[0m&amp#27;[32mUser clicks on Sign in option&amp#27;[0m                     &amp#27;[90m# tek.sdet.framework.steps.SignInSteps.userClicksSignInLink()&amp#27;[0m

    Embedding Screenshot [image/png 14144 bytes]

  &amp#27;[32mAnd &amp#27;[0m&amp#27;[32mUser enters following login credentials&amp#27;[0m            &amp#27;[90m# tek.sdet.framework.steps.SignInSteps.userEntersFollowingLoginCredentials(io.cucumber.datatable.DataTable)&amp#27;[0m
    | Email                      | Password   |
    | SpongeBobss46@tekschool.us | Test12345$ |

    Embedding Screenshot [image/png 16989 bytes]

  &amp#27;[32mAnd &amp#27;[0m&amp#27;[32mUser clicks on login button&amp#27;[0m                        &amp#27;[90m# tek.sdet.framework.steps.SignInSteps.userClicksOnLoginButton()&amp#27;[0m

    Embedding Screenshot [image/png 16394 bytes]

  &amp#27;[32mThen &amp#27;[0m&amp#27;[32mUser should be logged into their account&amp#27;[0m          &amp#27;[90m# tek.sdet.framework.steps.SignInSteps.userShouldBeLoggedInToTheirAccount()&amp#27;[0m

    Embedding Screenshot [image/png 425554 bytes]

  &amp#27;[32mWhen &amp#27;[0m&amp#27;[32mUser click on Account option&amp#27;[0m                      &amp#27;[90m# tek.sdet.framework.steps.UpdateProfileSteps.user_click_on_account_option()&amp#27;[0m

    Embedding Screenshot [image/png 33506 bytes]

  &amp#27;[32mWhen &amp#27;[0m&amp#27;[32mUser click on remove option of card section&amp#27;[0m       &amp#27;[90m# tek.sdet.framework.steps.EditPaymentCardSteps.userClickOnRemoveOptionOfCardSection()&amp#27;[0m

    Embedding Screenshot [image/png 54420 bytes]

  &amp#27;[32mThen &amp#27;[0m&amp#27;[32mpayment details should be removed&amp#27;[0m                 &amp#27;[90m# tek.sdet.framework.steps.EditPaymentCardSteps.paymentDtailsShouldBeRemoved()&amp#27;[0m

    Embedding Screenshot [image/png 54420 bytes]

]]></system-out>
    <system-err><![CDATA[Starting ChromeDriver 113.0.5672.63 (0e1a4471d5ae5bf128b1bd8f4d627c8cbd55f70c-refs/branch-heads/5672@{#912}) on port 57777
Only local connections are allowed.
Please see https://chromedriver.chromium.org/security-considerations for suggestions on keeping ChromeDriver safe.
ChromeDriver was started successfully.
May 29, 2023 3:22:05 PM org.openqa.selenium.remote.ProtocolHandshake createSession
INFO: Detected upstream dialect: W3C
May 29, 2023 3:22:05 PM org.openqa.selenium.devtools.CdpVersionFinder findNearestMatch
WARNING: Unable to find an exact match for CDP version 113, so returning the closest version found: a no-op implementation
May 29, 2023 3:22:05 PM org.openqa.selenium.devtools.CdpVersionFinder findNearestMatch
INFO: Unable to find CDP implementation matching 113.
May 29, 2023 3:22:05 PM org.openqa.selenium.chromium.ChromiumDriver lambda$new$3
WARNING: Unable to find version of CDP to use for . You may need to include a dependency on a specific version of the CDP using something similar to `org.seleniumhq.selenium:selenium-devtools-v86:4.4.0` where the version ("v86") matches the version of the chromium-based browser you're using and the version number of the artifact is the same as Selenium's.
]]></system-err>
  </testcase>
  <testcase name="Verify Shop by Department sidebar" classname="Retail Home Page" time="4.057">
    <system-out><![CDATA[
@RegressionTest
Scenario: Verify Shop by Department sidebar                    &amp#27;[90m# features/RetailHomePage.feature:13&amp#27;[0m
{browser=chrome, headless=true, url=https://tek-retail-ui.azurewebsites.net/}
  &amp#27;[32mGiven &amp#27;[0m&amp#27;[32mUser is on retail website&amp#27;[0m                              &amp#27;[90m# tek.sdet.framework.steps.SignInSteps.userIsOnRetailWebsite()&amp#27;[0m

    Embedding Screenshot [image/png 424424 bytes]

  &amp#27;[32mWhen &amp#27;[0m&amp#27;[32mUser clicks on Sign in option&amp#27;[0m                           &amp#27;[90m# tek.sdet.framework.steps.SignInSteps.userClicksSignInLink()&amp#27;[0m

    Embedding Screenshot [image/png 14144 bytes]

  &amp#27;[32mAnd &amp#27;[0m&amp#27;[32mUser enters following login credentials&amp#27;[0m                  &amp#27;[90m# tek.sdet.framework.steps.SignInSteps.userEntersFollowingLoginCredentials(io.cucumber.datatable.DataTable)&amp#27;[0m
    | Email                      | Password   |
    | SpongeBobss46@tekschool.us | Test12345$ |

    Embedding Screenshot [image/png 16989 bytes]

  &amp#27;[32mAnd &amp#27;[0m&amp#27;[32mUser clicks on login button&amp#27;[0m                              &amp#27;[90m# tek.sdet.framework.steps.SignInSteps.userClicksOnLoginButton()&amp#27;[0m

    Embedding Screenshot [image/png 16394 bytes]

  &amp#27;[32mThen &amp#27;[0m&amp#27;[32mUser should be logged into their account&amp#27;[0m                &amp#27;[90m# tek.sdet.framework.steps.SignInSteps.userShouldBeLoggedInToTheirAccount()&amp#27;[0m

    Embedding Screenshot [image/png 425554 bytes]

  &amp#27;[32mWhen &amp#27;[0m&amp#27;[32mUser click on All section&amp#27;[0m                               &amp#27;[90m# tek.sdet.framework.steps.RetailHomePageSteps.userClickOnAllSection()&amp#27;[0m

    Embedding Screenshot [image/png 231811 bytes]

  &amp#27;[32mThen &amp#27;[0m&amp#27;[32mbelow options are present in Shop by Department sidebar&amp#27;[0m &amp#27;[90m# tek.sdet.framework.steps.RetailHomePageSteps.belowOptionsArePresentInShopByDepartmentSidebar(io.cucumber.datatable.DataTable)&amp#27;[0m
    | Electronics | Computers | Smart Home | Sports | Automative |

    Embedding Screenshot [image/png 231811 bytes]

]]></system-out>
    <system-err><![CDATA[Starting ChromeDriver 113.0.5672.63 (0e1a4471d5ae5bf128b1bd8f4d627c8cbd55f70c-refs/branch-heads/5672@{#912}) on port 57306
Only local connections are allowed.
Please see https://chromedriver.chromium.org/security-considerations for suggestions on keeping ChromeDriver safe.
ChromeDriver was started successfully.
May 29, 2023 3:22:10 PM org.openqa.selenium.remote.ProtocolHandshake createSession
INFO: Detected upstream dialect: W3C
May 29, 2023 3:22:10 PM org.openqa.selenium.devtools.CdpVersionFinder findNearestMatch
WARNING: Unable to find an exact match for CDP version 113, so returning the closest version found: a no-op implementation
May 29, 2023 3:22:10 PM org.openqa.selenium.devtools.CdpVersionFinder findNearestMatch
INFO: Unable to find CDP implementation matching 113.
May 29, 2023 3:22:10 PM org.openqa.selenium.chromium.ChromiumDriver lambda$new$3
WARNING: Unable to find version of CDP to use for . You may need to include a dependency on a specific version of the CDP using something similar to `org.seleniumhq.selenium:selenium-devtools-v86:4.4.0` where the version ("v86") matches the version of the chromium-based browser you're using and the version number of the artifact is the same as Selenium's.
]]></system-err>
  </testcase>
  <testcase name="Verify Department sidebar options #1" classname="Retail Home Page" time="4.754">
    <system-out><![CDATA[
@RegressionTest
Scenario Outline: Verify Department sidebar options &amp#27;[90m# features/RetailHomePage.feature:26&amp#27;[0m
{browser=chrome, headless=true, url=https://tek-retail-ui.azurewebsites.net/}
  &amp#27;[32mGiven &amp#27;[0m&amp#27;[32mUser is on retail website&amp#27;[0m                   &amp#27;[90m# tek.sdet.framework.steps.SignInSteps.userIsOnRetailWebsite()&amp#27;[0m

    Embedding Screenshot [image/png 424424 bytes]

  &amp#27;[32mWhen &amp#27;[0m&amp#27;[32mUser clicks on Sign in option&amp#27;[0m                &amp#27;[90m# tek.sdet.framework.steps.SignInSteps.userClicksSignInLink()&amp#27;[0m

    Embedding Screenshot [image/png 14144 bytes]

  &amp#27;[32mAnd &amp#27;[0m&amp#27;[32mUser enters following login credentials&amp#27;[0m       &amp#27;[90m# tek.sdet.framework.steps.SignInSteps.userEntersFollowingLoginCredentials(io.cucumber.datatable.DataTable)&amp#27;[0m
    | Email                      | Password   |
    | SpongeBobss46@tekschool.us | Test12345$ |

    Embedding Screenshot [image/png 16989 bytes]

  &amp#27;[32mAnd &amp#27;[0m&amp#27;[32mUser clicks on login button&amp#27;[0m                   &amp#27;[90m# tek.sdet.framework.steps.SignInSteps.userClicksOnLoginButton()&amp#27;[0m

    Embedding Screenshot [image/png 16394 bytes]

  &amp#27;[32mThen &amp#27;[0m&amp#27;[32mUser should be logged into their account&amp#27;[0m     &amp#27;[90m# tek.sdet.framework.steps.SignInSteps.userShouldBeLoggedInToTheirAccount()&amp#27;[0m

    Embedding Screenshot [image/png 425554 bytes]

  &amp#27;[32mWhen &amp#27;[0m&amp#27;[32mUser click on All section&amp#27;[0m                    &amp#27;[90m# tek.sdet.framework.steps.RetailHomePageSteps.userClickOnAllSection()&amp#27;[0m

    Embedding Screenshot [image/png 231811 bytes]

  &amp#27;[32mAnd &amp#27;[0m&amp#27;[32mUser on &amp#27;[0m&amp#27;[32m&amp#27;[1m"Electronics"&amp#27;[0m                         &amp#27;[90m# tek.sdet.framework.steps.RetailHomePageSteps.userOnDepartment(java.lang.String)&amp#27;[0m

    Embedding Screenshot [image/png 225966 bytes]

  &amp#27;[32mThen &amp#27;[0m&amp#27;[32mbelow options are present in department&amp#27;[0m      &amp#27;[90m# tek.sdet.framework.steps.RetailHomePageSteps.belowOptionsArePresentInDepartment(io.cucumber.datatable.DataTable)&amp#27;[0m
    | TV & Video | Video Games |

    Embedding Screenshot [image/png 225966 bytes]

]]></system-out>
    <system-err><![CDATA[Starting ChromeDriver 113.0.5672.63 (0e1a4471d5ae5bf128b1bd8f4d627c8cbd55f70c-refs/branch-heads/5672@{#912}) on port 59750
Only local connections are allowed.
Please see https://chromedriver.chromium.org/security-considerations for suggestions on keeping ChromeDriver safe.
ChromeDriver was started successfully.
May 29, 2023 3:22:14 PM org.openqa.selenium.remote.ProtocolHandshake createSession
INFO: Detected upstream dialect: W3C
May 29, 2023 3:22:14 PM org.openqa.selenium.devtools.CdpVersionFinder findNearestMatch
WARNING: Unable to find an exact match for CDP version 113, so returning the closest version found: a no-op implementation
May 29, 2023 3:22:14 PM org.openqa.selenium.devtools.CdpVersionFinder findNearestMatch
INFO: Unable to find CDP implementation matching 113.
May 29, 2023 3:22:14 PM org.openqa.selenium.chromium.ChromiumDriver lambda$new$3
WARNING: Unable to find version of CDP to use for . You may need to include a dependency on a specific version of the CDP using something similar to `org.seleniumhq.selenium:selenium-devtools-v86:4.4.0` where the version ("v86") matches the version of the chromium-based browser you're using and the version number of the artifact is the same as Selenium's.
]]></system-err>
  </testcase>
  <testcase name="Verify Department sidebar options #2" classname="Retail Home Page" time="4.31">
    <system-out><![CDATA[
@RegressionTest
Scenario Outline: Verify Department sidebar options &amp#27;[90m# features/RetailHomePage.feature:27&amp#27;[0m
{browser=chrome, headless=true, url=https://tek-retail-ui.azurewebsites.net/}
  &amp#27;[32mGiven &amp#27;[0m&amp#27;[32mUser is on retail website&amp#27;[0m                   &amp#27;[90m# tek.sdet.framework.steps.SignInSteps.userIsOnRetailWebsite()&amp#27;[0m

    Embedding Screenshot [image/png 424424 bytes]

  &amp#27;[32mWhen &amp#27;[0m&amp#27;[32mUser clicks on Sign in option&amp#27;[0m                &amp#27;[90m# tek.sdet.framework.steps.SignInSteps.userClicksSignInLink()&amp#27;[0m

    Embedding Screenshot [image/png 14144 bytes]

  &amp#27;[32mAnd &amp#27;[0m&amp#27;[32mUser enters following login credentials&amp#27;[0m       &amp#27;[90m# tek.sdet.framework.steps.SignInSteps.userEntersFollowingLoginCredentials(io.cucumber.datatable.DataTable)&amp#27;[0m
    | Email                      | Password   |
    | SpongeBobss46@tekschool.us | Test12345$ |

    Embedding Screenshot [image/png 16989 bytes]

  &amp#27;[32mAnd &amp#27;[0m&amp#27;[32mUser clicks on login button&amp#27;[0m                   &amp#27;[90m# tek.sdet.framework.steps.SignInSteps.userClicksOnLoginButton()&amp#27;[0m

    Embedding Screenshot [image/png 16394 bytes]

  &amp#27;[32mThen &amp#27;[0m&amp#27;[32mUser should be logged into their account&amp#27;[0m     &amp#27;[90m# tek.sdet.framework.steps.SignInSteps.userShouldBeLoggedInToTheirAccount()&amp#27;[0m

    Embedding Screenshot [image/png 425554 bytes]

  &amp#27;[32mWhen &amp#27;[0m&amp#27;[32mUser click on All section&amp#27;[0m                    &amp#27;[90m# tek.sdet.framework.steps.RetailHomePageSteps.userClickOnAllSection()&amp#27;[0m

    Embedding Screenshot [image/png 231811 bytes]

  &amp#27;[32mAnd &amp#27;[0m&amp#27;[32mUser on &amp#27;[0m&amp#27;[32m&amp#27;[1m"Computers"&amp#27;[0m                           &amp#27;[90m# tek.sdet.framework.steps.RetailHomePageSteps.userOnDepartment(java.lang.String)&amp#27;[0m

    Embedding Screenshot [image/png 226073 bytes]

  &amp#27;[32mThen &amp#27;[0m&amp#27;[32mbelow options are present in department&amp#27;[0m      &amp#27;[90m# tek.sdet.framework.steps.RetailHomePageSteps.belowOptionsArePresentInDepartment(io.cucumber.datatable.DataTable)&amp#27;[0m
    | Accessories | Networking |

    Embedding Screenshot [image/png 226073 bytes]

]]></system-out>
    <system-err><![CDATA[Starting ChromeDriver 113.0.5672.63 (0e1a4471d5ae5bf128b1bd8f4d627c8cbd55f70c-refs/branch-heads/5672@{#912}) on port 63956
Only local connections are allowed.
Please see https://chromedriver.chromium.org/security-considerations for suggestions on keeping ChromeDriver safe.
ChromeDriver was started successfully.
May 29, 2023 3:22:19 PM org.openqa.selenium.remote.ProtocolHandshake createSession
INFO: Detected upstream dialect: W3C
May 29, 2023 3:22:19 PM org.openqa.selenium.devtools.CdpVersionFinder findNearestMatch
WARNING: Unable to find an exact match for CDP version 113, so returning the closest version found: a no-op implementation
May 29, 2023 3:22:19 PM org.openqa.selenium.devtools.CdpVersionFinder findNearestMatch
INFO: Unable to find CDP implementation matching 113.
May 29, 2023 3:22:19 PM org.openqa.selenium.chromium.ChromiumDriver lambda$new$3
WARNING: Unable to find version of CDP to use for . You may need to include a dependency on a specific version of the CDP using something similar to `org.seleniumhq.selenium:selenium-devtools-v86:4.4.0` where the version ("v86") matches the version of the chromium-based browser you're using and the version number of the artifact is the same as Selenium's.
]]></system-err>
  </testcase>
  <testcase name="Verify Department sidebar options #3" classname="Retail Home Page" time="4.514">
    <system-out><![CDATA[
@RegressionTest
Scenario Outline: Verify Department sidebar options &amp#27;[90m# features/RetailHomePage.feature:28&amp#27;[0m
{browser=chrome, headless=true, url=https://tek-retail-ui.azurewebsites.net/}
  &amp#27;[32mGiven &amp#27;[0m&amp#27;[32mUser is on retail website&amp#27;[0m                   &amp#27;[90m# tek.sdet.framework.steps.SignInSteps.userIsOnRetailWebsite()&amp#27;[0m

    Embedding Screenshot [image/png 424424 bytes]

  &amp#27;[32mWhen &amp#27;[0m&amp#27;[32mUser clicks on Sign in option&amp#27;[0m                &amp#27;[90m# tek.sdet.framework.steps.SignInSteps.userClicksSignInLink()&amp#27;[0m

    Embedding Screenshot [image/png 14144 bytes]

  &amp#27;[32mAnd &amp#27;[0m&amp#27;[32mUser enters following login credentials&amp#27;[0m       &amp#27;[90m# tek.sdet.framework.steps.SignInSteps.userEntersFollowingLoginCredentials(io.cucumber.datatable.DataTable)&amp#27;[0m
    | Email                      | Password   |
    | SpongeBobss46@tekschool.us | Test12345$ |

    Embedding Screenshot [image/png 16989 bytes]

  &amp#27;[32mAnd &amp#27;[0m&amp#27;[32mUser clicks on login button&amp#27;[0m                   &amp#27;[90m# tek.sdet.framework.steps.SignInSteps.userClicksOnLoginButton()&amp#27;[0m

    Embedding Screenshot [image/png 16394 bytes]

  &amp#27;[32mThen &amp#27;[0m&amp#27;[32mUser should be logged into their account&amp#27;[0m     &amp#27;[90m# tek.sdet.framework.steps.SignInSteps.userShouldBeLoggedInToTheirAccount()&amp#27;[0m

    Embedding Screenshot [image/png 425554 bytes]

  &amp#27;[32mWhen &amp#27;[0m&amp#27;[32mUser click on All section&amp#27;[0m                    &amp#27;[90m# tek.sdet.framework.steps.RetailHomePageSteps.userClickOnAllSection()&amp#27;[0m

    Embedding Screenshot [image/png 231811 bytes]

  &amp#27;[32mAnd &amp#27;[0m&amp#27;[32mUser on &amp#27;[0m&amp#27;[32m&amp#27;[1m"Smart Home"&amp#27;[0m                          &amp#27;[90m# tek.sdet.framework.steps.RetailHomePageSteps.userOnDepartment(java.lang.String)&amp#27;[0m

    Embedding Screenshot [image/png 226364 bytes]

  &amp#27;[32mThen &amp#27;[0m&amp#27;[32mbelow options are present in department&amp#27;[0m      &amp#27;[90m# tek.sdet.framework.steps.RetailHomePageSteps.belowOptionsArePresentInDepartment(io.cucumber.datatable.DataTable)&amp#27;[0m
    | Smart Home Lightning | Plugs and Outlets |

    Embedding Screenshot [image/png 226364 bytes]

]]></system-out>
    <system-err><![CDATA[Starting ChromeDriver 113.0.5672.63 (0e1a4471d5ae5bf128b1bd8f4d627c8cbd55f70c-refs/branch-heads/5672@{#912}) on port 64923
Only local connections are allowed.
Please see https://chromedriver.chromium.org/security-considerations for suggestions on keeping ChromeDriver safe.
ChromeDriver was started successfully.
May 29, 2023 3:22:23 PM org.openqa.selenium.remote.ProtocolHandshake createSession
INFO: Detected upstream dialect: W3C
May 29, 2023 3:22:23 PM org.openqa.selenium.devtools.CdpVersionFinder findNearestMatch
WARNING: Unable to find an exact match for CDP version 113, so returning the closest version found: a no-op implementation
May 29, 2023 3:22:23 PM org.openqa.selenium.devtools.CdpVersionFinder findNearestMatch
INFO: Unable to find CDP implementation matching 113.
May 29, 2023 3:22:23 PM org.openqa.selenium.chromium.ChromiumDriver lambda$new$3
WARNING: Unable to find version of CDP to use for . You may need to include a dependency on a specific version of the CDP using something similar to `org.seleniumhq.selenium:selenium-devtools-v86:4.4.0` where the version ("v86") matches the version of the chromium-based browser you're using and the version number of the artifact is the same as Selenium's.
]]></system-err>
  </testcase>
  <testcase name="Verify Department sidebar options #4" classname="Retail Home Page" time="4.177">
    <system-out><![CDATA[
@RegressionTest
Scenario Outline: Verify Department sidebar options &amp#27;[90m# features/RetailHomePage.feature:29&amp#27;[0m
{browser=chrome, headless=true, url=https://tek-retail-ui.azurewebsites.net/}
  &amp#27;[32mGiven &amp#27;[0m&amp#27;[32mUser is on retail website&amp#27;[0m                   &amp#27;[90m# tek.sdet.framework.steps.SignInSteps.userIsOnRetailWebsite()&amp#27;[0m

    Embedding Screenshot [image/png 424424 bytes]

  &amp#27;[32mWhen &amp#27;[0m&amp#27;[32mUser clicks on Sign in option&amp#27;[0m                &amp#27;[90m# tek.sdet.framework.steps.SignInSteps.userClicksSignInLink()&amp#27;[0m

    Embedding Screenshot [image/png 14144 bytes]

  &amp#27;[32mAnd &amp#27;[0m&amp#27;[32mUser enters following login credentials&amp#27;[0m       &amp#27;[90m# tek.sdet.framework.steps.SignInSteps.userEntersFollowingLoginCredentials(io.cucumber.datatable.DataTable)&amp#27;[0m
    | Email                      | Password   |
    | SpongeBobss46@tekschool.us | Test12345$ |

    Embedding Screenshot [image/png 16989 bytes]

  &amp#27;[32mAnd &amp#27;[0m&amp#27;[32mUser clicks on login button&amp#27;[0m                   &amp#27;[90m# tek.sdet.framework.steps.SignInSteps.userClicksOnLoginButton()&amp#27;[0m

    Embedding Screenshot [image/png 16394 bytes]

  &amp#27;[32mThen &amp#27;[0m&amp#27;[32mUser should be logged into their account&amp#27;[0m     &amp#27;[90m# tek.sdet.framework.steps.SignInSteps.userShouldBeLoggedInToTheirAccount()&amp#27;[0m

    Embedding Screenshot [image/png 425554 bytes]

  &amp#27;[32mWhen &amp#27;[0m&amp#27;[32mUser click on All section&amp#27;[0m                    &amp#27;[90m# tek.sdet.framework.steps.RetailHomePageSteps.userClickOnAllSection()&amp#27;[0m

    Embedding Screenshot [image/png 231811 bytes]

  &amp#27;[32mAnd &amp#27;[0m&amp#27;[32mUser on &amp#27;[0m&amp#27;[32m&amp#27;[1m"Sports"&amp#27;[0m                              &amp#27;[90m# tek.sdet.framework.steps.RetailHomePageSteps.userOnDepartment(java.lang.String)&amp#27;[0m

    Embedding Screenshot [image/png 226237 bytes]

  &amp#27;[32mThen &amp#27;[0m&amp#27;[32mbelow options are present in department&amp#27;[0m      &amp#27;[90m# tek.sdet.framework.steps.RetailHomePageSteps.belowOptionsArePresentInDepartment(io.cucumber.datatable.DataTable)&amp#27;[0m
    | Athletic Clothing | Exercise & Fitness |

    Embedding Screenshot [image/png 226237 bytes]

]]></system-out>
    <system-err><![CDATA[Starting ChromeDriver 113.0.5672.63 (0e1a4471d5ae5bf128b1bd8f4d627c8cbd55f70c-refs/branch-heads/5672@{#912}) on port 59320
Only local connections are allowed.
Please see https://chromedriver.chromium.org/security-considerations for suggestions on keeping ChromeDriver safe.
ChromeDriver was started successfully.
May 29, 2023 3:22:28 PM org.openqa.selenium.remote.ProtocolHandshake createSession
INFO: Detected upstream dialect: W3C
May 29, 2023 3:22:28 PM org.openqa.selenium.devtools.CdpVersionFinder findNearestMatch
WARNING: Unable to find an exact match for CDP version 113, so returning the closest version found: a no-op implementation
May 29, 2023 3:22:28 PM org.openqa.selenium.devtools.CdpVersionFinder findNearestMatch
INFO: Unable to find CDP implementation matching 113.
May 29, 2023 3:22:28 PM org.openqa.selenium.chromium.ChromiumDriver lambda$new$3
WARNING: Unable to find version of CDP to use for . You may need to include a dependency on a specific version of the CDP using something similar to `org.seleniumhq.selenium:selenium-devtools-v86:4.4.0` where the version ("v86") matches the version of the chromium-based browser you're using and the version number of the artifact is the same as Selenium's.
]]></system-err>
  </testcase>
  <testcase name="Verify Department sidebar options #5" classname="Retail Home Page" time="3.903">
    <system-out><![CDATA[
@RegressionTest
Scenario Outline: Verify Department sidebar options &amp#27;[90m# features/RetailHomePage.feature:30&amp#27;[0m
{browser=chrome, headless=true, url=https://tek-retail-ui.azurewebsites.net/}
  &amp#27;[32mGiven &amp#27;[0m&amp#27;[32mUser is on retail website&amp#27;[0m                   &amp#27;[90m# tek.sdet.framework.steps.SignInSteps.userIsOnRetailWebsite()&amp#27;[0m

    Embedding Screenshot [image/png 424424 bytes]

  &amp#27;[32mWhen &amp#27;[0m&amp#27;[32mUser clicks on Sign in option&amp#27;[0m                &amp#27;[90m# tek.sdet.framework.steps.SignInSteps.userClicksSignInLink()&amp#27;[0m

    Embedding Screenshot [image/png 14144 bytes]

  &amp#27;[32mAnd &amp#27;[0m&amp#27;[32mUser enters following login credentials&amp#27;[0m       &amp#27;[90m# tek.sdet.framework.steps.SignInSteps.userEntersFollowingLoginCredentials(io.cucumber.datatable.DataTable)&amp#27;[0m
    | Email                      | Password   |
    | SpongeBobss46@tekschool.us | Test12345$ |

    Embedding Screenshot [image/png 16989 bytes]

  &amp#27;[32mAnd &amp#27;[0m&amp#27;[32mUser clicks on login button&amp#27;[0m                   &amp#27;[90m# tek.sdet.framework.steps.SignInSteps.userClicksOnLoginButton()&amp#27;[0m

    Embedding Screenshot [image/png 16394 bytes]

  &amp#27;[32mThen &amp#27;[0m&amp#27;[32mUser should be logged into their account&amp#27;[0m     &amp#27;[90m# tek.sdet.framework.steps.SignInSteps.userShouldBeLoggedInToTheirAccount()&amp#27;[0m

    Embedding Screenshot [image/png 425554 bytes]

  &amp#27;[32mWhen &amp#27;[0m&amp#27;[32mUser click on All section&amp#27;[0m                    &amp#27;[90m# tek.sdet.framework.steps.RetailHomePageSteps.userClickOnAllSection()&amp#27;[0m

    Embedding Screenshot [image/png 231811 bytes]

  &amp#27;[32mAnd &amp#27;[0m&amp#27;[32mUser on &amp#27;[0m&amp#27;[32m&amp#27;[1m"Automative"&amp#27;[0m                          &amp#27;[90m# tek.sdet.framework.steps.RetailHomePageSteps.userOnDepartment(java.lang.String)&amp#27;[0m

    Embedding Screenshot [image/png 228127 bytes]

  &amp#27;[32mThen &amp#27;[0m&amp#27;[32mbelow options are present in department&amp#27;[0m      &amp#27;[90m# tek.sdet.framework.steps.RetailHomePageSteps.belowOptionsArePresentInDepartment(io.cucumber.datatable.DataTable)&amp#27;[0m
    | Automative Parts & Accessories | MotorCycle & Powersports |

    Embedding Screenshot [image/png 228127 bytes]

]]></system-out>
    <system-err><![CDATA[Starting ChromeDriver 113.0.5672.63 (0e1a4471d5ae5bf128b1bd8f4d627c8cbd55f70c-refs/branch-heads/5672@{#912}) on port 51522
Only local connections are allowed.
Please see https://chromedriver.chromium.org/security-considerations for suggestions on keeping ChromeDriver safe.
ChromeDriver was started successfully.
May 29, 2023 3:22:32 PM org.openqa.selenium.remote.ProtocolHandshake createSession
INFO: Detected upstream dialect: W3C
May 29, 2023 3:22:32 PM org.openqa.selenium.devtools.CdpVersionFinder findNearestMatch
WARNING: Unable to find an exact match for CDP version 113, so returning the closest version found: a no-op implementation
May 29, 2023 3:22:32 PM org.openqa.selenium.devtools.CdpVersionFinder findNearestMatch
INFO: Unable to find CDP implementation matching 113.
May 29, 2023 3:22:32 PM org.openqa.selenium.chromium.ChromiumDriver lambda$new$3
WARNING: Unable to find version of CDP to use for . You may need to include a dependency on a specific version of the CDP using something similar to `org.seleniumhq.selenium:selenium-devtools-v86:4.4.0` where the version ("v86") matches the version of the chromium-based browser you're using and the version number of the artifact is the same as Selenium's.
]]></system-err>
  </testcase>
  <testcase name="Verify User can add an item to cart" classname="Retail Home Page" time="5.323">
    <system-out><![CDATA[
@RegressionTest
Scenario: Verify User can add an item to cart           &amp#27;[90m# features/RetailHomePage.feature:32&amp#27;[0m
{browser=chrome, headless=true, url=https://tek-retail-ui.azurewebsites.net/}
  &amp#27;[32mGiven &amp#27;[0m&amp#27;[32mUser is on retail website&amp#27;[0m                       &amp#27;[90m# tek.sdet.framework.steps.SignInSteps.userIsOnRetailWebsite()&amp#27;[0m

    Embedding Screenshot [image/png 424424 bytes]

  &amp#27;[32mWhen &amp#27;[0m&amp#27;[32mUser clicks on Sign in option&amp#27;[0m                    &amp#27;[90m# tek.sdet.framework.steps.SignInSteps.userClicksSignInLink()&amp#27;[0m

    Embedding Screenshot [image/png 14144 bytes]

  &amp#27;[32mAnd &amp#27;[0m&amp#27;[32mUser enters following login credentials&amp#27;[0m           &amp#27;[90m# tek.sdet.framework.steps.SignInSteps.userEntersFollowingLoginCredentials(io.cucumber.datatable.DataTable)&amp#27;[0m
    | Email                      | Password   |
    | SpongeBobss46@tekschool.us | Test12345$ |

    Embedding Screenshot [image/png 16989 bytes]

  &amp#27;[32mAnd &amp#27;[0m&amp#27;[32mUser clicks on login button&amp#27;[0m                       &amp#27;[90m# tek.sdet.framework.steps.SignInSteps.userClicksOnLoginButton()&amp#27;[0m

    Embedding Screenshot [image/png 16394 bytes]

  &amp#27;[32mThen &amp#27;[0m&amp#27;[32mUser should be logged into their account&amp#27;[0m         &amp#27;[90m# tek.sdet.framework.steps.SignInSteps.userShouldBeLoggedInToTheirAccount()&amp#27;[0m

    Embedding Screenshot [image/png 425554 bytes]

  &amp#27;[32mWhen &amp#27;[0m&amp#27;[32mUser change the category to &amp#27;[0m&amp#27;[32m&amp#27;[1m'Smart Home'&amp#27;[0m         &amp#27;[90m# tek.sdet.framework.steps.RetailHomePageSteps.userChangeTheCategoryTo(java.lang.String)&amp#27;[0m

    Embedding Screenshot [image/png 425617 bytes]

  &amp#27;[32mAnd &amp#27;[0m&amp#27;[32mUser search for an item &amp#27;[0m&amp#27;[32m&amp#27;[1m'Kasa outdoor smart plug'&amp#27;[0m &amp#27;[90m# tek.sdet.framework.steps.RetailHomePageSteps.userSearchForAnItem(java.lang.String)&amp#27;[0m

    Embedding Screenshot [image/png 427720 bytes]

  &amp#27;[32mAnd &amp#27;[0m&amp#27;[32mUser click on Search icon&amp#27;[0m                         &amp#27;[90m# tek.sdet.framework.steps.RetailHomePageSteps.userClickOnSearchIcon()&amp#27;[0m

    Embedding Screenshot [image/png 11832 bytes]

  &amp#27;[32mAnd &amp#27;[0m&amp#27;[32mUser click on item&amp#27;[0m                                &amp#27;[90m# tek.sdet.framework.steps.RetailHomePageSteps.userClickOnItem()&amp#27;[0m

    Embedding Screenshot [image/png 13386 bytes]

  &amp#27;[32mAnd &amp#27;[0m&amp#27;[32mUser select quantity &amp#27;[0m&amp#27;[32m&amp#27;[1m'2'&amp#27;[0m                          &amp#27;[90m# tek.sdet.framework.steps.RetailHomePageSteps.userSelectQuantity(java.lang.String)&amp#27;[0m

    Embedding Screenshot [image/png 104147 bytes]

  &amp#27;[32mAnd &amp#27;[0m&amp#27;[32mUser click add to Cart button&amp#27;[0m                     &amp#27;[90m# tek.sdet.framework.steps.RetailHomePageSteps.userClickAddToCartButton()&amp#27;[0m

    Embedding Screenshot [image/png 104188 bytes]

  &amp#27;[32mThen &amp#27;[0m&amp#27;[32mthe cart icon quantity should change to &amp#27;[0m&amp#27;[32m&amp#27;[1m"2"&amp#27;[0m      &amp#27;[90m# tek.sdet.framework.steps.RetailHomePageSteps.theCartIconQuantityShouldChangeTo(java.lang.String)&amp#27;[0m

    Embedding Screenshot [image/png 105886 bytes]

]]></system-out>
    <system-err><![CDATA[Starting ChromeDriver 113.0.5672.63 (0e1a4471d5ae5bf128b1bd8f4d627c8cbd55f70c-refs/branch-heads/5672@{#912}) on port 54884
Only local connections are allowed.
Please see https://chromedriver.chromium.org/security-considerations for suggestions on keeping ChromeDriver safe.
ChromeDriver was started successfully.
May 29, 2023 3:22:36 PM org.openqa.selenium.remote.ProtocolHandshake createSession
INFO: Detected upstream dialect: W3C
May 29, 2023 3:22:36 PM org.openqa.selenium.devtools.CdpVersionFinder findNearestMatch
WARNING: Unable to find an exact match for CDP version 113, so returning the closest version found: a no-op implementation
May 29, 2023 3:22:36 PM org.openqa.selenium.devtools.CdpVersionFinder findNearestMatch
INFO: Unable to find CDP implementation matching 113.
May 29, 2023 3:22:36 PM org.openqa.selenium.chromium.ChromiumDriver lambda$new$3
WARNING: Unable to find version of CDP to use for . You may need to include a dependency on a specific version of the CDP using something similar to `org.seleniumhq.selenium:selenium-devtools-v86:4.4.0` where the version ("v86") matches the version of the chromium-based browser you're using and the version number of the artifact is the same as Selenium's.
]]></system-err>
  </testcase>
  <testcase name="Verify User can place an order without Shipping address and payment Method on file" classname="Retail Home Page" time="5.067">
    <system-out><![CDATA[
@RegressionTest
Scenario: Verify User can place an order without Shipping address and payment Method on file &amp#27;[90m# features/RetailHomePage.feature:41&amp#27;[0m
{browser=chrome, headless=true, url=https://tek-retail-ui.azurewebsites.net/}
  &amp#27;[32mGiven &amp#27;[0m&amp#27;[32mUser is on retail website&amp#27;[0m                                                            &amp#27;[90m# tek.sdet.framework.steps.SignInSteps.userIsOnRetailWebsite()&amp#27;[0m

    Embedding Screenshot [image/png 424424 bytes]

  &amp#27;[32mWhen &amp#27;[0m&amp#27;[32mUser clicks on Sign in option&amp#27;[0m                                                         &amp#27;[90m# tek.sdet.framework.steps.SignInSteps.userClicksSignInLink()&amp#27;[0m

    Embedding Screenshot [image/png 14144 bytes]

  &amp#27;[32mAnd &amp#27;[0m&amp#27;[32mUser enters following login credentials&amp#27;[0m                                                &amp#27;[90m# tek.sdet.framework.steps.SignInSteps.userEntersFollowingLoginCredentials(io.cucumber.datatable.DataTable)&amp#27;[0m
    | Email                      | Password   |
    | SpongeBobss46@tekschool.us | Test12345$ |

    Embedding Screenshot [image/png 16989 bytes]

  &amp#27;[32mAnd &amp#27;[0m&amp#27;[32mUser clicks on login button&amp#27;[0m                                                            &amp#27;[90m# tek.sdet.framework.steps.SignInSteps.userClicksOnLoginButton()&amp#27;[0m

    Embedding Screenshot [image/png 16394 bytes]

  &amp#27;[32mThen &amp#27;[0m&amp#27;[32mUser should be logged into their account&amp#27;[0m                                              &amp#27;[90m# tek.sdet.framework.steps.SignInSteps.userShouldBeLoggedInToTheirAccount()&amp#27;[0m

    Embedding Screenshot [image/png 425554 bytes]

  &amp#27;[32mWhen &amp#27;[0m&amp#27;[32mUser click on Cart option&amp#27;[0m                                                             &amp#27;[90m# tek.sdet.framework.steps.RetailHomePageSteps.userClickOnCartOption()&amp#27;[0m

    Embedding Screenshot [image/png 37124 bytes]

  &amp#27;[32mAnd &amp#27;[0m&amp#27;[32mUser click on Proceed to Checkout button&amp#27;[0m                                               &amp#27;[90m# tek.sdet.framework.steps.RetailHomePageSteps.userClickOnProceedToCheckoutButton()&amp#27;[0m

    Embedding Screenshot [image/png 47361 bytes]

  &amp#27;[32mAnd &amp#27;[0m&amp#27;[32mUser click Add a new address link for shipping address&amp#27;[0m                                 &amp#27;[90m# tek.sdet.framework.steps.RetailHomePageSteps.userClickAddANewAddressLinkForShippingAddress()&amp#27;[0m

    Embedding Screenshot [image/png 33879 bytes]

  &amp#27;[32mAnd &amp#27;[0m&amp#27;[32muser fill new address form during checkout&amp#27;[0m                                             &amp#27;[90m# tek.sdet.framework.steps.RetailHomePageSteps.user_fill_new_address_form_with_below_information(io.cucumber.datatable.DataTable)&amp#27;[0m
    | country       | fullName | phoneNumber | address | apt | city | state | zipCode |
    | United States | fullName | phoneNumber | address | apt | city | state | zipCode |

    Embedding Screenshot [image/png 36781 bytes]

  &amp#27;[32mAnd &amp#27;[0m&amp#27;[32mUser click Add Your Address button&amp#27;[0m                                                     &amp#27;[90m# tek.sdet.framework.steps.AddressFeaturesSteps.userClickAddYourAddressButton()&amp#27;[0m

    Embedding Screenshot [image/png 36745 bytes]

  &amp#27;[32mAnd &amp#27;[0m&amp#27;[32mUser click Add a credit card or Debit Card for Payment method&amp#27;[0m                          &amp#27;[90m# tek.sdet.framework.steps.RetailHomePageSteps.userClickAddACreditCardOrDebitCardForPaymentMethod()&amp#27;[0m

    Embedding Screenshot [image/png 40224 bytes]

  &amp#27;[32mAnd &amp#27;[0m&amp#27;[32mUser fills debit or credit card information during checkout&amp#27;[0m                            &amp#27;[90m# tek.sdet.framework.steps.RetailHomePageSteps.userFillsDebitOrCreditCardInformation(io.cucumber.datatable.DataTable)&amp#27;[0m
    | cardNumber | nameOnCard | expirationMonth | expirationYear | securityCode |
    | cardNumber | fullName   | 7               | 2025           | ccv          |

    Embedding Screenshot [image/png 54489 bytes]

  &amp#27;[32mAnd &amp#27;[0m&amp#27;[32mUser click on Add your card button&amp#27;[0m                                                     &amp#27;[90m# tek.sdet.framework.steps.AddPaymentSteps.userClickOnAddYourCardButton()&amp#27;[0m

    Embedding Screenshot [image/png 54489 bytes]

  &amp#27;[32mAnd &amp#27;[0m&amp#27;[32mUser click on Place Your Order&amp#27;[0m                                                         &amp#27;[90m# tek.sdet.framework.steps.RetailHomePageSteps.userClickOnPlaceYourOrder()&amp#27;[0m

    Embedding Screenshot [image/png 52094 bytes]

  &amp#27;[32mThen &amp#27;[0m&amp#27;[32mOrder placed message should be displayed &amp#27;[0m&amp#27;[32m&amp#27;[1m"Order Placed, Thanks"&amp#27;[0m                       &amp#27;[90m# tek.sdet.framework.steps.RetailHomePageSteps.aMessageShouldBeDisplayedOrderPlacedThanks(java.lang.String)&amp#27;[0m

    Embedding Screenshot [image/png 44781 bytes]

]]></system-out>
    <system-err><![CDATA[Starting ChromeDriver 113.0.5672.63 (0e1a4471d5ae5bf128b1bd8f4d627c8cbd55f70c-refs/branch-heads/5672@{#912}) on port 50489
Only local connections are allowed.
Please see https://chromedriver.chromium.org/security-considerations for suggestions on keeping ChromeDriver safe.
ChromeDriver was started successfully.
May 29, 2023 3:22:41 PM org.openqa.selenium.remote.ProtocolHandshake createSession
INFO: Detected upstream dialect: W3C
May 29, 2023 3:22:41 PM org.openqa.selenium.devtools.CdpVersionFinder findNearestMatch
WARNING: Unable to find an exact match for CDP version 113, so returning the closest version found: a no-op implementation
May 29, 2023 3:22:41 PM org.openqa.selenium.devtools.CdpVersionFinder findNearestMatch
INFO: Unable to find CDP implementation matching 113.
May 29, 2023 3:22:41 PM org.openqa.selenium.chromium.ChromiumDriver lambda$new$3
WARNING: Unable to find version of CDP to use for . You may need to include a dependency on a specific version of the CDP using something similar to `org.seleniumhq.selenium:selenium-devtools-v86:4.4.0` where the version ("v86") matches the version of the chromium-based browser you're using and the version number of the artifact is the same as Selenium's.
]]></system-err>
  </testcase>
  <testcase name="Verify User can place an order with Shipping address and payment Method on file" classname="Retail Home Page" time="6.61">
    <system-out><![CDATA[
@RegressionTest
Scenario: Verify User can place an order with Shipping address and payment Method on file &amp#27;[90m# features/RetailHomePage.feature:57&amp#27;[0m
{browser=chrome, headless=true, url=https://tek-retail-ui.azurewebsites.net/}
  &amp#27;[32mGiven &amp#27;[0m&amp#27;[32mUser is on retail website&amp#27;[0m                                                         &amp#27;[90m# tek.sdet.framework.steps.SignInSteps.userIsOnRetailWebsite()&amp#27;[0m

    Embedding Screenshot [image/png 424424 bytes]

  &amp#27;[32mWhen &amp#27;[0m&amp#27;[32mUser clicks on Sign in option&amp#27;[0m                                                      &amp#27;[90m# tek.sdet.framework.steps.SignInSteps.userClicksSignInLink()&amp#27;[0m

    Embedding Screenshot [image/png 14144 bytes]

  &amp#27;[32mAnd &amp#27;[0m&amp#27;[32mUser enters following login credentials&amp#27;[0m                                             &amp#27;[90m# tek.sdet.framework.steps.SignInSteps.userEntersFollowingLoginCredentials(io.cucumber.datatable.DataTable)&amp#27;[0m
    | Email                      | Password   |
    | SpongeBobss46@tekschool.us | Test12345$ |

    Embedding Screenshot [image/png 16989 bytes]

  &amp#27;[32mAnd &amp#27;[0m&amp#27;[32mUser clicks on login button&amp#27;[0m                                                         &amp#27;[90m# tek.sdet.framework.steps.SignInSteps.userClicksOnLoginButton()&amp#27;[0m

    Embedding Screenshot [image/png 16394 bytes]

  &amp#27;[32mThen &amp#27;[0m&amp#27;[32mUser should be logged into their account&amp#27;[0m                                           &amp#27;[90m# tek.sdet.framework.steps.SignInSteps.userShouldBeLoggedInToTheirAccount()&amp#27;[0m

    Embedding Screenshot [image/png 425554 bytes]

  &amp#27;[32mAnd &amp#27;[0m&amp#27;[32mUser change the category to &amp#27;[0m&amp#27;[32m&amp#27;[1m'Electronics'&amp#27;[0m                                           &amp#27;[90m# tek.sdet.framework.steps.RetailHomePageSteps.userChangeTheCategoryTo(java.lang.String)&amp#27;[0m

    Embedding Screenshot [image/png 425509 bytes]

  &amp#27;[32mAnd &amp#27;[0m&amp#27;[32mUser search for an item &amp#27;[0m&amp#27;[32m&amp#27;[1m'Apex Legends'&amp#27;[0m                                              &amp#27;[90m# tek.sdet.framework.steps.RetailHomePageSteps.userSearchForAnItem(java.lang.String)&amp#27;[0m

    Embedding Screenshot [image/png 428097 bytes]

  &amp#27;[32mAnd &amp#27;[0m&amp#27;[32mUser click on Search icon&amp#27;[0m                                                           &amp#27;[90m# tek.sdet.framework.steps.RetailHomePageSteps.userClickOnSearchIcon()&amp#27;[0m

    Embedding Screenshot [image/png 425206 bytes]

  &amp#27;[32mAnd &amp#27;[0m&amp#27;[32mUser click on item&amp#27;[0m                                                                  &amp#27;[90m# tek.sdet.framework.steps.RetailHomePageSteps.userClickOnItem()&amp#27;[0m

    Embedding Screenshot [image/png 13460 bytes]

  &amp#27;[32mAnd &amp#27;[0m&amp#27;[32mUser select quantity &amp#27;[0m&amp#27;[32m&amp#27;[1m'5'&amp#27;[0m                                                            &amp#27;[90m# tek.sdet.framework.steps.RetailHomePageSteps.userSelectQuantity(java.lang.String)&amp#27;[0m

    Embedding Screenshot [image/png 228555 bytes]

  &amp#27;[32mAnd &amp#27;[0m&amp#27;[32mUser click add to Cart button&amp#27;[0m                                                       &amp#27;[90m# tek.sdet.framework.steps.RetailHomePageSteps.userClickAddToCartButton()&amp#27;[0m

    Embedding Screenshot [image/png 228531 bytes]

  &amp#27;[32mThen &amp#27;[0m&amp#27;[32mthe cart icon quantity should change to &amp#27;[0m&amp#27;[32m&amp#27;[1m'5'&amp#27;[0m                                        &amp#27;[90m# tek.sdet.framework.steps.RetailHomePageSteps.theCartIconQuantityShouldChangeTo(java.lang.String)&amp#27;[0m

    Embedding Screenshot [image/png 230648 bytes]

  &amp#27;[32mAnd &amp#27;[0m&amp#27;[32mUser click on Cart option&amp#27;[0m                                                           &amp#27;[90m# tek.sdet.framework.steps.RetailHomePageSteps.userClickOnCartOption()&amp#27;[0m

    Embedding Screenshot [image/png 69610 bytes]

  &amp#27;[32mAnd &amp#27;[0m&amp#27;[32mUser click on Proceed to Checkout button&amp#27;[0m                                            &amp#27;[90m# tek.sdet.framework.steps.RetailHomePageSteps.userClickOnProceedToCheckoutButton()&amp#27;[0m

    Embedding Screenshot [image/png 46906 bytes]

  &amp#27;[32mAnd &amp#27;[0m&amp#27;[32mUser click on Place Your Order&amp#27;[0m                                                      &amp#27;[90m# tek.sdet.framework.steps.RetailHomePageSteps.userClickOnPlaceYourOrder()&amp#27;[0m

    Embedding Screenshot [image/png 46906 bytes]

  &amp#27;[32mThen &amp#27;[0m&amp#27;[32mOrder placed message should be displayed &amp#27;[0m&amp#27;[32m&amp#27;[1m"Order Placed, Thanks"&amp#27;[0m                    &amp#27;[90m# tek.sdet.framework.steps.RetailHomePageSteps.aMessageShouldBeDisplayedOrderPlacedThanks(java.lang.String)&amp#27;[0m

    Embedding Screenshot [image/png 25093 bytes]

]]></system-out>
    <system-err><![CDATA[Starting ChromeDriver 113.0.5672.63 (0e1a4471d5ae5bf128b1bd8f4d627c8cbd55f70c-refs/branch-heads/5672@{#912}) on port 62313
Only local connections are allowed.
Please see https://chromedriver.chromium.org/security-considerations for suggestions on keeping ChromeDriver safe.
ChromeDriver was started successfully.
May 29, 2023 3:22:46 PM org.openqa.selenium.remote.ProtocolHandshake createSession
INFO: Detected upstream dialect: W3C
May 29, 2023 3:22:46 PM org.openqa.selenium.devtools.CdpVersionFinder findNearestMatch
WARNING: Unable to find an exact match for CDP version 113, so returning the closest version found: a no-op implementation
May 29, 2023 3:22:46 PM org.openqa.selenium.devtools.CdpVersionFinder findNearestMatch
INFO: Unable to find CDP implementation matching 113.
May 29, 2023 3:22:46 PM org.openqa.selenium.chromium.ChromiumDriver lambda$new$3
WARNING: Unable to find version of CDP to use for . You may need to include a dependency on a specific version of the CDP using something similar to `org.seleniumhq.selenium:selenium-devtools-v86:4.4.0` where the version ("v86") matches the version of the chromium-based browser you're using and the version number of the artifact is the same as Selenium's.
]]></system-err>
  </testcase>
  <testcase name="Verify User can cancel the order" classname="Retail Order Page functionalities. User can review, cancel, or return an order." time="20.902">
    <system-out><![CDATA[
@RegressionTest
Scenario: Verify User can cancel the order                                              &amp#27;[90m# features/RetailOrderPage.feature:14&amp#27;[0m
{browser=chrome, headless=true, url=https://tek-retail-ui.azurewebsites.net/}
  &amp#27;[32mGiven &amp#27;[0m&amp#27;[32mUser is on retail website&amp#27;[0m                                                       &amp#27;[90m# tek.sdet.framework.steps.SignInSteps.userIsOnRetailWebsite()&amp#27;[0m

    Embedding Screenshot [image/png 424424 bytes]

  &amp#27;[32mWhen &amp#27;[0m&amp#27;[32mUser clicks on Sign in option&amp#27;[0m                                                    &amp#27;[90m# tek.sdet.framework.steps.SignInSteps.userClicksSignInLink()&amp#27;[0m

    Embedding Screenshot [image/png 14144 bytes]

  &amp#27;[32mAnd &amp#27;[0m&amp#27;[32mUser enters following login credentials&amp#27;[0m                                           &amp#27;[90m# tek.sdet.framework.steps.SignInSteps.userEntersFollowingLoginCredentials(io.cucumber.datatable.DataTable)&amp#27;[0m
    | Email                      | Password   |
    | SpongeBobss46@tekschool.us | Test12345$ |

    Embedding Screenshot [image/png 16989 bytes]

  &amp#27;[32mAnd &amp#27;[0m&amp#27;[32mUser clicks on login button&amp#27;[0m                                                       &amp#27;[90m# tek.sdet.framework.steps.SignInSteps.userClicksOnLoginButton()&amp#27;[0m

    Embedding Screenshot [image/png 16394 bytes]

  &amp#27;[32mThen &amp#27;[0m&amp#27;[32mUser should be logged into their account&amp#27;[0m                                         &amp#27;[90m# tek.sdet.framework.steps.SignInSteps.userShouldBeLoggedInToTheirAccount()&amp#27;[0m

    Embedding Screenshot [image/png 425554 bytes]

  &amp#27;[32mAnd &amp#27;[0m&amp#27;[32mUser click on Orders section&amp#27;[0m                                                      &amp#27;[90m# tek.sdet.framework.steps.RetailOrderPageSteps.userClickOnOrdersSection()&amp#27;[0m

    Embedding Screenshot [image/png 18753 bytes]

  &amp#27;[32mWhen &amp#27;[0m&amp#27;[32mUser click on first order in list&amp#27;[0m                                                &amp#27;[90m# tek.sdet.framework.steps.RetailOrderPageSteps.userClickOnFirstOrderInList()&amp#27;[0m

    Embedding Screenshot [image/png 65434 bytes]

  &amp#27;[32mAnd &amp#27;[0m&amp#27;[32mUser click on Cancel The Order button&amp#27;[0m                                             &amp#27;[90m# tek.sdet.framework.steps.RetailOrderPageSteps.UesrClickOnCancelTheOrderButton()&amp#27;[0m

    Embedding Screenshot [image/png 36212 bytes]

  &amp#27;[32mAnd &amp#27;[0m&amp#27;[32mUser select the cancelation Reason &amp#27;[0m&amp#27;[32m&amp#27;[1m"Bought wrong item"&amp#27;[0m                            &amp#27;[90m# tek.sdet.framework.steps.RetailOrderPageSteps.UserSelectTheCancelationReason(java.lang.String)&amp#27;[0m

    Embedding Screenshot [image/png 36123 bytes]

  &amp#27;[32mAnd &amp#27;[0m&amp#27;[32mUser click on Cancel Order button&amp#27;[0m                                                 &amp#27;[90m# tek.sdet.framework.steps.RetailOrderPageSteps.UserClickOnCancelOrderButoon()&amp#27;[0m

    Embedding Screenshot [image/png 35980 bytes]

  &amp#27;[32mThen &amp#27;[0m&amp#27;[32mA message should be displayed for canceled order &amp#27;[0m&amp#27;[32m&amp#27;[1m"Your Order Has Been Cancelled"&amp#27;[0m &amp#27;[90m# tek.sdet.framework.steps.RetailOrderPageSteps.aMessageShouldBeDisplayedForCanceledOrder(java.lang.String)&amp#27;[0m

    Embedding Screenshot [image/png 24891 bytes]

]]></system-out>
    <system-err><![CDATA[Starting ChromeDriver 113.0.5672.63 (0e1a4471d5ae5bf128b1bd8f4d627c8cbd55f70c-refs/branch-heads/5672@{#912}) on port 64642
Only local connections are allowed.
Please see https://chromedriver.chromium.org/security-considerations for suggestions on keeping ChromeDriver safe.
ChromeDriver was started successfully.
May 29, 2023 3:22:53 PM org.openqa.selenium.remote.ProtocolHandshake createSession
INFO: Detected upstream dialect: W3C
May 29, 2023 3:22:53 PM org.openqa.selenium.devtools.CdpVersionFinder findNearestMatch
WARNING: Unable to find an exact match for CDP version 113, so returning the closest version found: a no-op implementation
May 29, 2023 3:22:53 PM org.openqa.selenium.devtools.CdpVersionFinder findNearestMatch
INFO: Unable to find CDP implementation matching 113.
May 29, 2023 3:22:53 PM org.openqa.selenium.chromium.ChromiumDriver lambda$new$3
WARNING: Unable to find version of CDP to use for . You may need to include a dependency on a specific version of the CDP using something similar to `org.seleniumhq.selenium:selenium-devtools-v86:4.4.0` where the version ("v86") matches the version of the chromium-based browser you're using and the version number of the artifact is the same as Selenium's.
]]></system-err>
  </testcase>
  <testcase name="Verify User can Return the order" classname="Retail Order Page functionalities. User can review, cancel, or return an order." time="21.135">
    <system-out><![CDATA[
@RegressionTest
Scenario: Verify User can Return the order                                   &amp#27;[90m# features/RetailOrderPage.feature:22&amp#27;[0m
{browser=chrome, headless=true, url=https://tek-retail-ui.azurewebsites.net/}
  &amp#27;[32mGiven &amp#27;[0m&amp#27;[32mUser is on retail website&amp#27;[0m                                            &amp#27;[90m# tek.sdet.framework.steps.SignInSteps.userIsOnRetailWebsite()&amp#27;[0m

    Embedding Screenshot [image/png 424424 bytes]

  &amp#27;[32mWhen &amp#27;[0m&amp#27;[32mUser clicks on Sign in option&amp#27;[0m                                         &amp#27;[90m# tek.sdet.framework.steps.SignInSteps.userClicksSignInLink()&amp#27;[0m

    Embedding Screenshot [image/png 14144 bytes]

  &amp#27;[32mAnd &amp#27;[0m&amp#27;[32mUser enters following login credentials&amp#27;[0m                                &amp#27;[90m# tek.sdet.framework.steps.SignInSteps.userEntersFollowingLoginCredentials(io.cucumber.datatable.DataTable)&amp#27;[0m
    | Email                      | Password   |
    | SpongeBobss46@tekschool.us | Test12345$ |

    Embedding Screenshot [image/png 16989 bytes]

  &amp#27;[32mAnd &amp#27;[0m&amp#27;[32mUser clicks on login button&amp#27;[0m                                            &amp#27;[90m# tek.sdet.framework.steps.SignInSteps.userClicksOnLoginButton()&amp#27;[0m

    Embedding Screenshot [image/png 16394 bytes]

  &amp#27;[32mThen &amp#27;[0m&amp#27;[32mUser should be logged into their account&amp#27;[0m                              &amp#27;[90m# tek.sdet.framework.steps.SignInSteps.userShouldBeLoggedInToTheirAccount()&amp#27;[0m

    Embedding Screenshot [image/png 425554 bytes]

  &amp#27;[32mAnd &amp#27;[0m&amp#27;[32mUser click on Orders section&amp#27;[0m                                           &amp#27;[90m# tek.sdet.framework.steps.RetailOrderPageSteps.userClickOnOrdersSection()&amp#27;[0m

    Embedding Screenshot [image/png 18753 bytes]

  &amp#27;[32mWhen &amp#27;[0m&amp#27;[32mUser click on first order in list&amp#27;[0m                                     &amp#27;[90m# tek.sdet.framework.steps.RetailOrderPageSteps.userClickOnFirstOrderInList()&amp#27;[0m

    Embedding Screenshot [image/png 65397 bytes]

  &amp#27;[32mAnd &amp#27;[0m&amp#27;[32mUser click on Return Items button&amp#27;[0m                                      &amp#27;[90m# tek.sdet.framework.steps.RetailOrderPageSteps.userClickOnReturnItemsButton()&amp#27;[0m

    Embedding Screenshot [image/png 51390 bytes]

  &amp#27;[32mAnd &amp#27;[0m&amp#27;[32mUser select the Return Reason &amp#27;[0m&amp#27;[32m&amp#27;[1m"Item damaged"&amp#27;[0m                           &amp#27;[90m# tek.sdet.framework.steps.RetailOrderPageSteps.userSelectTheReturnReason(java.lang.String)&amp#27;[0m

[...]
    | Email                      | Password   |
    | SpongeBobss46@tekschool.us | Test12345$ |

    Embedding Screenshot [image/png 16989 bytes]

  &amp#27;[32mAnd &amp#27;[0m&amp#27;[32mUser clicks on login button&amp#27;[0m                                                                                  &amp#27;[90m# tek.sdet.framework.steps.SignInSteps.userClicksOnLoginButton()&amp#27;[0m

    Embedding Screenshot [image/png 16394 bytes]

  &amp#27;[32mThen &amp#27;[0m&amp#27;[32mUser should be logged into their account&amp#27;[0m                                                                    &amp#27;[90m# tek.sdet.framework.steps.SignInSteps.userShouldBeLoggedInToTheirAccount()&amp#27;[0m

    Embedding Screenshot [image/png 425554 bytes]

  &amp#27;[32mAnd &amp#27;[0m&amp#27;[32mUser click on Orders section&amp#27;[0m                                                                                 &amp#27;[90m# tek.sdet.framework.steps.RetailOrderPageSteps.userClickOnOrdersSection()&amp#27;[0m

    Embedding Screenshot [image/png 18753 bytes]

  &amp#27;[32mWhen &amp#27;[0m&amp#27;[32mUser click on Review button&amp#27;[0m                                                                                 &amp#27;[90m# tek.sdet.framework.steps.RetailOrderPageSteps.userClickOnReviewButton()&amp#27;[0m

    Embedding Screenshot [image/png 30393 bytes]

  &amp#27;[32mAnd &amp#27;[0m&amp#27;[32mUser write Review headline &amp#27;[0m&amp#27;[32m&amp#27;[1m"Great Game!"&amp#27;[0m&amp#27;[32m and review text &amp#27;[0m&amp#27;[32m&amp#27;[1m"Apex coins are needed to purchase some cool skins"&amp#27;[0m &amp#27;[90m# tek.sdet.framework.steps.RetailOrderPageSteps.userWriteReviewHeadlineHeadlineValueAndReviewText(java.lang.String,java.lang.String)&amp#27;[0m

    Embedding Screenshot [image/png 40745 bytes]

  &amp#27;[32mAnd &amp#27;[0m&amp#27;[32mUser click Add your Review button&amp#27;[0m                                                                            &amp#27;[90m# tek.sdet.framework.steps.RetailOrderPageSteps.userClickAddYourReviewButton()&amp#27;[0m

    Embedding Screenshot [image/png 40697 bytes]

  &amp#27;[32mThen &amp#27;[0m&amp#27;[32mreview message should be displayed &amp#27;[0m&amp#27;[32m&amp#27;[1m"Your review was added successfully"&amp#27;[0m                                     &amp#27;[90m# tek.sdet.framework.steps.RetailOrderPageSteps.reviewMessageShouldBeDisplayed(java.lang.String)&amp#27;[0m

    Embedding Screenshot [image/png 69175 bytes]

]]></system-out>
    <system-err><![CDATA[Starting ChromeDriver 113.0.5672.63 (0e1a4471d5ae5bf128b1bd8f4d627c8cbd55f70c-refs/branch-heads/5672@{#912}) on port 60156
Only local connections are allowed.
Please see https://chromedriver.chromium.org/security-considerations for suggestions on keeping ChromeDriver safe.
ChromeDriver was started successfully.
May 29, 2023 3:23:35 PM org.openqa.selenium.remote.ProtocolHandshake createSession
INFO: Detected upstream dialect: W3C
May 29, 2023 3:23:35 PM org.openqa.selenium.devtools.CdpVersionFinder findNearestMatch
WARNING: Unable to find an exact match for CDP version 113, so returning the closest version found: a no-op implementation
May 29, 2023 3:23:35 PM org.openqa.selenium.devtools.CdpVersionFinder findNearestMatch
INFO: Unable to find CDP implementation matching 113.
May 29, 2023 3:23:35 PM org.openqa.selenium.chromium.ChromiumDriver lambda$new$3
WARNING: Unable to find version of CDP to use for . You may need to include a dependency on a specific version of the CDP using something similar to `org.seleniumhq.selenium:selenium-devtools-v86:4.4.0` where the version ("v86") matches the version of the chromium-based browser you're using and the version number of the artifact is the same as Selenium's.
]]></system-err>
  </testcase>
  <testcase name="Verify user can sign into Retail Application" classname="Sign In Feature Allows User to login into their account." time="3.244">
    <system-out><![CDATA[
@RegressionTest
Scenario Outline: Verify user can sign into Retail Application &amp#27;[90m# features/SignIn.feature:15&amp#27;[0m
{browser=chrome, headless=true, url=https://tek-retail-ui.azurewebsites.net/}
  &amp#27;[32mGiven &amp#27;[0m&amp#27;[32mUser is on retail website&amp#27;[0m                              &amp#27;[90m# tek.sdet.framework.steps.SignInSteps.userIsOnRetailWebsite()&amp#27;[0m

    Embedding Screenshot [image/png 424424 bytes]

  &amp#27;[32mWhen &amp#27;[0m&amp#27;[32mUser clicks on Sign in option&amp#27;[0m                           &amp#27;[90m# tek.sdet.framework.steps.SignInSteps.userClicksSignInLink()&amp#27;[0m

    Embedding Screenshot [image/png 14144 bytes]

  &amp#27;[32mWhen &amp#27;[0m&amp#27;[32mUser enters &amp#27;[0m&amp#27;[32m&amp#27;[1m"billybob123@tekschool.us"&amp#27;[0m&amp#27;[32m and &amp#27;[0m&amp#27;[32m&amp#27;[1m"Pizza123$"&amp#27;[0m  &amp#27;[90m# tek.sdet.framework.steps.SignInSteps.userEntersAnd(java.lang.String,java.lang.String)&amp#27;[0m

    Embedding Screenshot [image/png 16689 bytes]

  &amp#27;[32mAnd &amp#27;[0m&amp#27;[32mUser clicks on login button&amp#27;[0m                              &amp#27;[90m# tek.sdet.framework.steps.SignInSteps.userClicksOnLoginButton()&amp#27;[0m

    Embedding Screenshot [image/png 16097 bytes]

  &amp#27;[32mThen &amp#27;[0m&amp#27;[32mUser should be logged into their account&amp#27;[0m                &amp#27;[90m# tek.sdet.framework.steps.SignInSteps.userShouldBeLoggedInToTheirAccount()&amp#27;[0m

    Embedding Screenshot [image/png 425554 bytes]

]]></system-out>
    <system-err><![CDATA[Starting ChromeDriver 113.0.5672.63 (0e1a4471d5ae5bf128b1bd8f4d627c8cbd55f70c-refs/branch-heads/5672@{#912}) on port 56671
Only local connections are allowed.
Please see https://chromedriver.chromium.org/security-considerations for suggestions on keeping ChromeDriver safe.
ChromeDriver was started successfully.
May 29, 2023 3:23:40 PM org.openqa.selenium.remote.ProtocolHandshake createSession
INFO: Detected upstream dialect: W3C
May 29, 2023 3:23:40 PM org.openqa.selenium.devtools.CdpVersionFinder findNearestMatch
WARNING: Unable to find an exact match for CDP version 113, so returning the closest version found: a no-op implementation
May 29, 2023 3:23:40 PM org.openqa.selenium.devtools.CdpVersionFinder findNearestMatch
INFO: Unable to find CDP implementation matching 113.
May 29, 2023 3:23:40 PM org.openqa.selenium.chromium.ChromiumDriver lambda$new$3
WARNING: Unable to find version of CDP to use for . You may need to include a dependency on a specific version of the CDP using something similar to `org.seleniumhq.selenium:selenium-devtools-v86:4.4.0` where the version ("v86") matches the version of the chromium-based browser you're using and the version number of the artifact is the same as Selenium's.
]]></system-err>
  </testcase>
  <testcase name="Verify that user can update password #1" classname="User can update password" time="5.086">
    <system-out><![CDATA[
@RegressionTest
Scenario Outline: Verify that user can update password               &amp#27;[90m# features/UpdatePassword.feature:21&amp#27;[0m
{browser=chrome, headless=true, url=https://tek-retail-ui.azurewebsites.net/}
  &amp#27;[32mGiven &amp#27;[0m&amp#27;[32mUser is on retail website&amp#27;[0m                                    &amp#27;[90m# tek.sdet.framework.steps.SignInSteps.userIsOnRetailWebsite()&amp#27;[0m

    Embedding Screenshot [image/png 424424 bytes]

  &amp#27;[32mWhen &amp#27;[0m&amp#27;[32mUser clicks on Sign in option&amp#27;[0m                                 &amp#27;[90m# tek.sdet.framework.steps.SignInSteps.userClicksSignInLink()&amp#27;[0m

    Embedding Screenshot [image/png 14144 bytes]

  &amp#27;[32mWhen &amp#27;[0m&amp#27;[32mUser enters following login credentials&amp#27;[0m                       &amp#27;[90m# tek.sdet.framework.steps.SignInSteps.userEntersFollowingLoginCredentials(io.cucumber.datatable.DataTable)&amp#27;[0m
    | Email                      | Password   |
    | Patrickss6546@tekschool.us | Test12345$ |

    Embedding Screenshot [image/png 16754 bytes]

  &amp#27;[32mAnd &amp#27;[0m&amp#27;[32mUser clicks on login button&amp#27;[0m                                    &amp#27;[90m# tek.sdet.framework.steps.SignInSteps.userClicksOnLoginButton()&amp#27;[0m

    Embedding Screenshot [image/png 16159 bytes]

  &amp#27;[32mThen &amp#27;[0m&amp#27;[32mUser should be logged into their account&amp#27;[0m                      &amp#27;[90m# tek.sdet.framework.steps.SignInSteps.userShouldBeLoggedInToTheirAccount()&amp#27;[0m

    Embedding Screenshot [image/png 425554 bytes]

  &amp#27;[32mAnd &amp#27;[0m&amp#27;[32mUser click on Account option&amp#27;[0m                                   &amp#27;[90m# tek.sdet.framework.steps.UpdateProfileSteps.user_click_on_account_option()&amp#27;[0m

    Embedding Screenshot [image/png 31173 bytes]

  &amp#27;[32mAnd &amp#27;[0m&amp#27;[32mUser enters &amp#27;[0m&amp#27;[32m&amp#27;[1m'Test12345$'&amp#27;[0m&amp#27;[32m &amp#27;[0m&amp#27;[32m&amp#27;[1m'Pizza123$'&amp#27;[0m&amp#27;[32m &amp#27;[0m&amp#27;[32m&amp#27;[1m'Pizza123$'&amp#27;[0m               &amp#27;[90m# tek.sdet.framework.steps.ChangePasswordSteps.userEnters(java.lang.String,java.lang.String,java.lang.String)&amp#27;[0m

    Embedding Screenshot [image/png 32995 bytes]

  &amp#27;[32mWhen &amp#27;[0m&amp#27;[32mUser click on Change Password button&amp#27;[0m                          &amp#27;[90m# tek.sdet.framework.steps.ChangePasswordSteps.user_click_on_change_password_button()&amp#27;[0m

    Embedding Screenshot [image/png 36351 bytes]

  &amp#27;[32mThen &amp#27;[0m&amp#27;[32mA message should be displayed &amp#27;[0m&amp#27;[32m&amp#27;[1m'Password Updated Successfully'&amp#27;[0m &amp#27;[90m# tek.sdet.framework.steps.ChangePasswordSteps.a_message_should_be_displayed(java.lang.String)&amp#27;[0m

    Embedding Screenshot [image/png 40641 bytes]

]]></system-out>
    <system-err><![CDATA[Starting ChromeDriver 113.0.5672.63 (0e1a4471d5ae5bf128b1bd8f4d627c8cbd55f70c-refs/branch-heads/5672@{#912}) on port 62911
Only local connections are allowed.
Please see https://chromedriver.chromium.org/security-considerations for suggestions on keeping ChromeDriver safe.
ChromeDriver was started successfully.
May 29, 2023 3:23:43 PM org.openqa.selenium.remote.ProtocolHandshake createSession
INFO: Detected upstream dialect: W3C
May 29, 2023 3:23:43 PM org.openqa.selenium.devtools.CdpVersionFinder findNearestMatch
WARNING: Unable to find an exact match for CDP version 113, so returning the closest version found: a no-op implementation
May 29, 2023 3:23:43 PM org.openqa.selenium.devtools.CdpVersionFinder findNearestMatch
INFO: Unable to find CDP implementation matching 113.
May 29, 2023 3:23:43 PM org.openqa.selenium.chromium.ChromiumDriver lambda$new$3
WARNING: Unable to find version of CDP to use for . You may need to include a dependency on a specific version of the CDP using something similar to `org.seleniumhq.selenium:selenium-devtools-v86:4.4.0` where the version ("v86") matches the version of the chromium-based browser you're using and the version number of the artifact is the same as Selenium's.
]]></system-err>
  </testcase>
  <testcase name="Verify that user can update password #2" classname="User can update password" time="5.609">
    <system-out><![CDATA[
@RegressionTest
Scenario Outline: Verify that user can update password               &amp#27;[90m# features/UpdatePassword.feature:22&amp#27;[0m
{browser=chrome, headless=true, url=https://tek-retail-ui.azurewebsites.net/}
  &amp#27;[32mGiven &amp#27;[0m&amp#27;[32mUser is on retail website&amp#27;[0m                                    &amp#27;[90m# tek.sdet.framework.steps.SignInSteps.userIsOnRetailWebsite()&amp#27;[0m

    Embedding Screenshot [image/png 424424 bytes]

  &amp#27;[32mWhen &amp#27;[0m&amp#27;[32mUser clicks on Sign in option&amp#27;[0m                                 &amp#27;[90m# tek.sdet.framework.steps.SignInSteps.userClicksSignInLink()&amp#27;[0m

    Embedding Screenshot [image/png 14144 bytes]

  &amp#27;[32mWhen &amp#27;[0m&amp#27;[32mUser enters following login credentials&amp#27;[0m                       &amp#27;[90m# tek.sdet.framework.steps.SignInSteps.userEntersFollowingLoginCredentials(io.cucumber.datatable.DataTable)&amp#27;[0m
    | Email                      | Password  |
    | Patrickss6546@tekschool.us | Pizza123$ |

    Embedding Screenshot [image/png 16737 bytes]

  &amp#27;[32mAnd &amp#27;[0m&amp#27;[32mUser clicks on login button&amp#27;[0m                                    &amp#27;[90m# tek.sdet.framework.steps.SignInSteps.userClicksOnLoginButton()&amp#27;[0m

    Embedding Screenshot [image/png 16148 bytes]

  &amp#27;[32mThen &amp#27;[0m&amp#27;[32mUser should be logged into their account&amp#27;[0m                      &amp#27;[90m# tek.sdet.framework.steps.SignInSteps.userShouldBeLoggedInToTheirAccount()&amp#27;[0m

    Embedding Screenshot [image/png 425554 bytes]

  &amp#27;[32mAnd &amp#27;[0m&amp#27;[32mUser click on Account option&amp#27;[0m                                   &amp#27;[90m# tek.sdet.framework.steps.UpdateProfileSteps.user_click_on_account_option()&amp#27;[0m

    Embedding Screenshot [image/png 31173 bytes]

  &amp#27;[32mAnd &amp#27;[0m&amp#27;[32mUser enters &amp#27;[0m&amp#27;[32m&amp#27;[1m'Pizza123$'&amp#27;[0m&amp#27;[32m &amp#27;[0m&amp#27;[32m&amp#27;[1m'Test12345$'&amp#27;[0m&amp#27;[32m &amp#27;[0m&amp#27;[32m&amp#27;[1m'Test12345$'&amp#27;[0m              &amp#27;[90m# tek.sdet.framework.steps.ChangePasswordSteps.userEnters(java.lang.String,java.lang.String,java.lang.String)&amp#27;[0m

    Embedding Screenshot [image/png 37193 bytes]

  &amp#27;[32mWhen &amp#27;[0m&amp#27;[32mUser click on Change Password button&amp#27;[0m                          &amp#27;[90m# tek.sdet.framework.steps.ChangePasswordSteps.user_click_on_change_password_button()&amp#27;[0m

    Embedding Screenshot [image/png 36435 bytes]

  &amp#27;[32mThen &amp#27;[0m&amp#27;[32mA message should be displayed &amp#27;[0m&amp#27;[32m&amp#27;[1m'Password Updated Successfully'&amp#27;[0m &amp#27;[90m# tek.sdet.framework.steps.ChangePasswordSteps.a_message_should_be_displayed(java.lang.String)&amp#27;[0m

    Embedding Screenshot [image/png 40764 bytes]

]]></system-out>
    <system-err><![CDATA[Starting ChromeDriver 113.0.5672.63 (0e1a4471d5ae5bf128b1bd8f4d627c8cbd55f70c-refs/branch-heads/5672@{#912}) on port 52776
Only local connections are allowed.
Please see https://chromedriver.chromium.org/security-considerations for suggestions on keeping ChromeDriver safe.
ChromeDriver was started successfully.
May 29, 2023 3:23:48 PM org.openqa.selenium.remote.ProtocolHandshake createSession
INFO: Detected upstream dialect: W3C
May 29, 2023 3:23:48 PM org.openqa.selenium.devtools.CdpVersionFinder findNearestMatch
WARNING: Unable to find an exact match for CDP version 113, so returning the closest version found: a no-op implementation
May 29, 2023 3:23:48 PM org.openqa.selenium.devtools.CdpVersionFinder findNearestMatch
INFO: Unable to find CDP implementation matching 113.
May 29, 2023 3:23:48 PM org.openqa.selenium.chromium.ChromiumDriver lambda$new$3
WARNING: Unable to find version of CDP to use for . You may need to include a dependency on a specific version of the CDP using something similar to `org.seleniumhq.selenium:selenium-devtools-v86:4.4.0` where the version ("v86") matches the version of the chromium-based browser you're using and the version number of the artifact is the same as Selenium's.
]]></system-err>
  </testcase>
  <testcase name="Verify use can update profile information" classname="Testing funtionality to allow user to update personal information." time="9.936">
    <system-out><![CDATA[
@RegressionTest
Scenario Outline: Verify use can update profile information &amp#27;[90m# features/UpdateProfileInformation.feature:14&amp#27;[0m
{browser=chrome, headless=true, url=https://tek-retail-ui.azurewebsites.net/}
  &amp#27;[32mGiven &amp#27;[0m&amp#27;[32mUser is on retail website&amp#27;[0m                           &amp#27;[90m# tek.sdet.framework.steps.SignInSteps.userIsOnRetailWebsite()&amp#27;[0m

    Embedding Screenshot [image/png 424481 bytes]

  &amp#27;[32mWhen &amp#27;[0m&amp#27;[32mUser clicks on Sign in option&amp#27;[0m                        &amp#27;[90m# tek.sdet.framework.steps.SignInSteps.userClicksSignInLink()&amp#27;[0m

    Embedding Screenshot [image/png 14144 bytes]

  &amp#27;[32mAnd &amp#27;[0m&amp#27;[32mUser enters following login credentials&amp#27;[0m               &amp#27;[90m# tek.sdet.framework.steps.SignInSteps.userEntersFollowingLoginCredentials(io.cucumber.datatable.DataTable)&amp#27;[0m
    | Email                    | Password  |
    | billybob123@tekschool.us | Pizza123$ |

    Embedding Screenshot [image/png 16689 bytes]

  &amp#27;[32mAnd &amp#27;[0m&amp#27;[32mUser clicks on login button&amp#27;[0m                           &amp#27;[90m# tek.sdet.framework.steps.SignInSteps.userClicksOnLoginButton()&amp#27;[0m

    Embedding Screenshot [image/png 16097 bytes]

  &amp#27;[32mThen &amp#27;[0m&amp#27;[32mUser should be logged into their account&amp#27;[0m             &amp#27;[90m# tek.sdet.framework.steps.SignInSteps.userShouldBeLoggedInToTheirAccount()&amp#27;[0m

    Embedding Screenshot [image/png 425554 bytes]

  &amp#27;[32mWhen &amp#27;[0m&amp#27;[32mUser click on Account option&amp#27;[0m                         &amp#27;[90m# tek.sdet.framework.steps.UpdateProfileSteps.user_click_on_account_option()&amp#27;[0m

    Embedding Screenshot [image/png 34322 bytes]

  &amp#27;[32mWhen &amp#27;[0m&amp#27;[32mUser update Name and Phone&amp#27;[0m                           &amp#27;[90m# tek.sdet.framework.steps.UpdateProfileSteps.user_update_name_and_phone(io.cucumber.datatable.DataTable)&amp#27;[0m
    | name     | phoneNumber |
    | fullName | phoneNumber |

    Embedding Screenshot [image/png 41039 bytes]

  &amp#27;[32mAnd &amp#27;[0m&amp#27;[32muser click on update button&amp#27;[0m                           &amp#27;[90m# tek.sdet.framework.steps.UpdateProfileSteps.userClickOnUpdateButton()&amp#27;[0m

    Embedding Screenshot [image/png 39028 bytes]

  &amp#27;[32mThen &amp#27;[0m&amp#27;[32muser profile information should be updated&amp#27;[0m           &amp#27;[90m# tek.sdet.framework.steps.UpdateProfileSteps.user_profile_information_should_be_updated()&amp#27;[0m

    Embedding Screenshot [image/png 43587 bytes]

]]></system-out>
    <system-err><![CDATA[Starting ChromeDriver 113.0.5672.63 (0e1a4471d5ae5bf128b1bd8f4d627c8cbd55f70c-refs/branch-heads/5672@{#912}) on port 55461
Only local connections are allowed.
Please see https://chromedriver.chromium.org/security-considerations for suggestions on keeping ChromeDriver safe.
ChromeDriver was started successfully.
May 29, 2023 3:23:54 PM org.openqa.selenium.remote.ProtocolHandshake createSession
INFO: Detected upstream dialect: W3C
May 29, 2023 3:23:54 PM org.openqa.selenium.devtools.CdpVersionFinder findNearestMatch
WARNING: Unable to find an exact match for CDP version 113, so returning the closest version found: a no-op implementation
May 29, 2023 3:23:54 PM org.openqa.selenium.devtools.CdpVersionFinder findNearestMatch
INFO: Unable to find CDP implementation matching 113.
May 29, 2023 3:23:54 PM org.openqa.selenium.chromium.ChromiumDriver lambda$new$3
WARNING: Unable to find version of CDP to use for . You may need to include a dependency on a specific version of the CDP using something similar to `org.seleniumhq.selenium:selenium-devtools-v86:4.4.0` where the version ("v86") matches the version of the chromium-based browser you're using and the version number of the artifact is the same as Selenium's.
]]></system-err>
  </testcase>
</testsuite>